{"contracts/CapxCappedTokens/CapxMintableCappedPauseableToken.sol":{"l":{"14":0,"15":0,"16":0,"49":0,"50":0,"51":0,"52":0,"53":0,"54":0,"57":0,"60":0,"67":0,"75":0,"92":0,"99":0,"106":0,"113":0,"125":0,"126":0,"127":0,"134":0,"148":0,"149":0,"150":0,"174":0,"175":0,"176":0,"177":0,"193":0,"194":0,"195":0,"213":0,"214":0,"215":0,"216":0,"220":0,"242":0,"243":0,"245":0,"247":0,"248":0,"249":0,"252":0,"254":0,"256":0,"269":0,"270":0,"272":0,"274":0,"275":0,"276":0,"278":0,"293":0,"295":0,"297":0,"298":0,"299":0,"302":0,"304":0,"306":0,"327":0,"328":0,"330":0,"331":0,"347":0,"348":0,"349":0,"350":0,"402":0},"path":"/Users/envy/Code/CapX/Capx-ERC20Token-Minter/contracts/CapxCappedTokens/CapxMintableCappedPauseableToken.sol","s":{"1":0,"2":0,"3":0,"4":0,"5":0,"6":0,"7":0,"8":0,"9":0,"10":0,"11":0,"12":0,"13":0,"14":0,"15":0,"16":0,"17":0,"18":0,"19":0,"20":0,"21":0,"22":0,"23":0,"24":0,"25":0,"26":0,"27":0,"28":0,"29":0,"30":0,"31":0,"32":0,"33":0,"34":0,"35":0,"36":0,"37":0,"38":0,"39":0,"40":0,"41":0,"42":0,"43":0,"44":0,"45":0,"46":0,"47":0,"48":0,"49":0,"50":0,"51":0,"52":0,"53":0,"54":0},"b":{"1":[0,0],"2":[0,0],"3":[0,0],"4":[0,0],"5":[0,0],"6":[0,0],"7":[0,0],"8":[0,0],"9":[0,0],"10":[0,0],"11":[0,0],"12":[0,0],"13":[0,0],"14":[0,0],"15":[0,0],"16":[0,0],"17":[0,0],"18":[0,0]},"f":{"1":0,"2":0,"3":0,"4":0,"5":0,"6":0,"7":0,"8":0,"9":0,"10":0,"11":0,"12":0,"13":0,"14":0,"15":0,"16":0,"17":0,"18":0,"19":0,"20":0,"21":0,"22":0},"fnMap":{"1":{"name":"checkIsAddressValid","line":12,"loc":{"start":{"line":12,"column":4},"end":{"line":17,"column":4}}},"2":{"name":"initializer","line":48,"loc":{"start":{"line":41,"column":4},"end":{"line":61,"column":4}}},"3":{"name":"name","line":66,"loc":{"start":{"line":66,"column":4},"end":{"line":68,"column":4}}},"4":{"name":"symbol","line":74,"loc":{"start":{"line":74,"column":4},"end":{"line":76,"column":4}}},"5":{"name":"decimals","line":91,"loc":{"start":{"line":91,"column":4},"end":{"line":93,"column":4}}},"6":{"name":"totalSupply","line":98,"loc":{"start":{"line":98,"column":4},"end":{"line":100,"column":4}}},"7":{"name":"cap","line":105,"loc":{"start":{"line":105,"column":4},"end":{"line":107,"column":4}}},"8":{"name":"balanceOf","line":112,"loc":{"start":{"line":112,"column":4},"end":{"line":114,"column":4}}},"9":{"name":"transfer","line":124,"loc":{"start":{"line":124,"column":4},"end":{"line":128,"column":4}}},"10":{"name":"allowance","line":133,"loc":{"start":{"line":133,"column":4},"end":{"line":135,"column":4}}},"11":{"name":"approve","line":147,"loc":{"start":{"line":147,"column":4},"end":{"line":151,"column":4}}},"12":{"name":"transferFrom","line":169,"loc":{"start":{"line":169,"column":4},"end":{"line":178,"column":4}}},"13":{"name":"increaseAllowance","line":192,"loc":{"start":{"line":192,"column":4},"end":{"line":196,"column":4}}},"14":{"name":"decreaseAllowance","line":212,"loc":{"start":{"line":212,"column":4},"end":{"line":221,"column":4}}},"15":{"name":"_transfer","line":241,"loc":{"start":{"line":237,"column":4},"end":{"line":257,"column":4}}},"16":{"name":"_mint","line":268,"loc":{"start":{"line":268,"column":4},"end":{"line":279,"column":4}}},"17":{"name":"_burn","line":292,"loc":{"start":{"line":292,"column":4},"end":{"line":307,"column":4}}},"18":{"name":"_approve","line":322,"loc":{"start":{"line":322,"column":4},"end":{"line":332,"column":4}}},"19":{"name":"_spendAllowance","line":342,"loc":{"start":{"line":342,"column":4},"end":{"line":354,"column":4}}},"20":{"name":"_beforeTokenTransfer","line":370,"loc":{"start":{"line":370,"column":4},"end":{"line":374,"column":24}}},"21":{"name":"_afterTokenTransfer","line":390,"loc":{"start":{"line":390,"column":4},"end":{"line":394,"column":24}}},"22":{"name":"mint","line":401,"loc":{"start":{"line":401,"column":4},"end":{"line":403,"column":4}}}},"statementMap":{"1":{"start":{"line":14,"column":8},"end":{"line":14,"column":70}},"2":{"start":{"line":15,"column":8},"end":{"line":15,"column":77}},"3":{"start":{"line":49,"column":8},"end":{"line":49,"column":65}},"4":{"start":{"line":57,"column":8},"end":{"line":57,"column":33}},"5":{"start":{"line":60,"column":8},"end":{"line":60,"column":36}},"6":{"start":{"line":67,"column":8},"end":{"line":67,"column":20}},"7":{"start":{"line":75,"column":8},"end":{"line":75,"column":22}},"8":{"start":{"line":92,"column":8},"end":{"line":92,"column":23}},"9":{"start":{"line":99,"column":8},"end":{"line":99,"column":27}},"10":{"start":{"line":106,"column":8},"end":{"line":106,"column":19}},"11":{"start":{"line":113,"column":8},"end":{"line":113,"column":33}},"12":{"start":{"line":125,"column":8},"end":{"line":125,"column":37}},"13":{"start":{"line":126,"column":8},"end":{"line":126,"column":36}},"14":{"start":{"line":127,"column":8},"end":{"line":127,"column":19}},"15":{"start":{"line":134,"column":8},"end":{"line":134,"column":43}},"16":{"start":{"line":148,"column":8},"end":{"line":148,"column":37}},"17":{"start":{"line":149,"column":8},"end":{"line":149,"column":40}},"18":{"start":{"line":150,"column":8},"end":{"line":150,"column":19}},"19":{"start":{"line":174,"column":8},"end":{"line":174,"column":38}},"20":{"start":{"line":175,"column":8},"end":{"line":175,"column":45}},"21":{"start":{"line":176,"column":8},"end":{"line":176,"column":34}},"22":{"start":{"line":177,"column":8},"end":{"line":177,"column":19}},"23":{"start":{"line":193,"column":8},"end":{"line":193,"column":37}},"24":{"start":{"line":194,"column":8},"end":{"line":194,"column":73}},"25":{"start":{"line":195,"column":8},"end":{"line":195,"column":19}},"26":{"start":{"line":213,"column":8},"end":{"line":213,"column":37}},"27":{"start":{"line":214,"column":8},"end":{"line":214,"column":61}},"28":{"start":{"line":215,"column":8},"end":{"line":215,"column":92}},"29":{"start":{"line":220,"column":8},"end":{"line":220,"column":19}},"30":{"start":{"line":242,"column":8},"end":{"line":242,"column":75}},"31":{"start":{"line":243,"column":8},"end":{"line":243,"column":71}},"32":{"start":{"line":245,"column":8},"end":{"line":245,"column":45}},"33":{"start":{"line":247,"column":8},"end":{"line":247,"column":45}},"34":{"start":{"line":248,"column":8},"end":{"line":248,"column":79}},"35":{"start":{"line":254,"column":8},"end":{"line":254,"column":39}},"36":{"start":{"line":256,"column":8},"end":{"line":256,"column":44}},"37":{"start":{"line":269,"column":8},"end":{"line":269,"column":76}},"38":{"start":{"line":270,"column":8},"end":{"line":270,"column":72}},"39":{"start":{"line":272,"column":8},"end":{"line":272,"column":56}},"40":{"start":{"line":276,"column":8},"end":{"line":276,"column":50}},"41":{"start":{"line":278,"column":8},"end":{"line":278,"column":55}},"42":{"start":{"line":293,"column":8},"end":{"line":293,"column":74}},"43":{"start":{"line":295,"column":8},"end":{"line":295,"column":56}},"44":{"start":{"line":297,"column":8},"end":{"line":297,"column":51}},"45":{"start":{"line":298,"column":8},"end":{"line":298,"column":78}},"46":{"start":{"line":304,"column":8},"end":{"line":304,"column":50}},"47":{"start":{"line":306,"column":8},"end":{"line":306,"column":55}},"48":{"start":{"line":327,"column":8},"end":{"line":327,"column":76}},"49":{"start":{"line":328,"column":8},"end":{"line":328,"column":75}},"50":{"start":{"line":331,"column":8},"end":{"line":331,"column":46}},"51":{"start":{"line":347,"column":8},"end":{"line":347,"column":61}},"52":{"start":{"line":348,"column":8},"end":{"line":348,"column":11010}},"53":{"start":{"line":349,"column":12},"end":{"line":349,"column":79}},"54":{"start":{"line":402,"column":8},"end":{"line":402,"column":29}}},"branchMap":{"1":{"line":14,"type":"if","locations":[{"start":{"line":14,"column":8},"end":{"line":14,"column":8}},{"start":{"line":14,"column":8},"end":{"line":14,"column":8}}]},"2":{"line":15,"type":"if","locations":[{"start":{"line":15,"column":8},"end":{"line":15,"column":8}},{"start":{"line":15,"column":8},"end":{"line":15,"column":8}}]},"3":{"line":48,"type":"if","locations":[{"start":{"line":48,"column":6},"end":{"line":48,"column":6}},{"start":{"line":48,"column":6},"end":{"line":48,"column":6}}]},"4":{"line":49,"type":"if","locations":[{"start":{"line":49,"column":8},"end":{"line":49,"column":8}},{"start":{"line":49,"column":8},"end":{"line":49,"column":8}}]},"5":{"line":215,"type":"if","locations":[{"start":{"line":215,"column":8},"end":{"line":215,"column":8}},{"start":{"line":215,"column":8},"end":{"line":215,"column":8}}]},"6":{"line":241,"type":"if","locations":[{"start":{"line":241,"column":23},"end":{"line":241,"column":23}},{"start":{"line":241,"column":23},"end":{"line":241,"column":23}}]},"7":{"line":242,"type":"if","locations":[{"start":{"line":242,"column":8},"end":{"line":242,"column":8}},{"start":{"line":242,"column":8},"end":{"line":242,"column":8}}]},"8":{"line":243,"type":"if","locations":[{"start":{"line":243,"column":8},"end":{"line":243,"column":8}},{"start":{"line":243,"column":8},"end":{"line":243,"column":8}}]},"9":{"line":248,"type":"if","locations":[{"start":{"line":248,"column":8},"end":{"line":248,"column":8}},{"start":{"line":248,"column":8},"end":{"line":248,"column":8}}]},"10":{"line":269,"type":"if","locations":[{"start":{"line":269,"column":8},"end":{"line":269,"column":8}},{"start":{"line":269,"column":8},"end":{"line":269,"column":8}}]},"11":{"line":270,"type":"if","locations":[{"start":{"line":270,"column":8},"end":{"line":270,"column":8}},{"start":{"line":270,"column":8},"end":{"line":270,"column":8}}]},"12":{"line":293,"type":"if","locations":[{"start":{"line":293,"column":8},"end":{"line":293,"column":8}},{"start":{"line":293,"column":8},"end":{"line":293,"column":8}}]},"13":{"line":298,"type":"if","locations":[{"start":{"line":298,"column":8},"end":{"line":298,"column":8}},{"start":{"line":298,"column":8},"end":{"line":298,"column":8}}]},"14":{"line":327,"type":"if","locations":[{"start":{"line":327,"column":8},"end":{"line":327,"column":8}},{"start":{"line":327,"column":8},"end":{"line":327,"column":8}}]},"15":{"line":328,"type":"if","locations":[{"start":{"line":328,"column":8},"end":{"line":328,"column":8}},{"start":{"line":328,"column":8},"end":{"line":328,"column":8}}]},"16":{"line":348,"type":"if","locations":[{"start":{"line":348,"column":8},"end":{"line":348,"column":8}},{"start":{"line":348,"column":8},"end":{"line":348,"column":8}}]},"17":{"line":349,"type":"if","locations":[{"start":{"line":349,"column":12},"end":{"line":349,"column":12}},{"start":{"line":349,"column":12},"end":{"line":349,"column":12}}]},"18":{"line":401,"type":"if","locations":[{"start":{"line":401,"column":60},"end":{"line":401,"column":60}},{"start":{"line":401,"column":60},"end":{"line":401,"column":60}}]}}},"contracts/CapxCappedTokens/CapxMintableCappedToken.sol":{"l":{"13":0,"14":0,"15":0,"48":0,"49":0,"50":0,"51":0,"52":0,"53":0,"56":0,"59":0,"66":0,"74":0,"91":0,"98":0,"105":0,"112":0,"124":0,"125":0,"126":0,"133":0,"147":0,"148":0,"149":0,"173":0,"174":0,"175":0,"176":0,"192":0,"193":0,"194":0,"212":0,"213":0,"214":0,"215":0,"219":0,"241":0,"242":0,"244":0,"246":0,"247":0,"248":0,"251":0,"253":0,"255":0,"268":0,"269":0,"271":0,"273":0,"274":0,"275":0,"277":0,"292":0,"294":0,"296":0,"297":0,"298":0,"301":0,"303":0,"305":0,"326":0,"327":0,"329":0,"330":0,"346":0,"347":0,"348":0,"349":0,"401":0},"path":"/Users/envy/Code/CapX/Capx-ERC20Token-Minter/contracts/CapxCappedTokens/CapxMintableCappedToken.sol","s":{"1":0,"2":0,"3":0,"4":0,"5":0,"6":0,"7":0,"8":0,"9":0,"10":0,"11":0,"12":0,"13":0,"14":0,"15":0,"16":0,"17":0,"18":0,"19":0,"20":0,"21":0,"22":0,"23":0,"24":0,"25":0,"26":0,"27":0,"28":0,"29":0,"30":0,"31":0,"32":0,"33":0,"34":0,"35":0,"36":0,"37":0,"38":0,"39":0,"40":0,"41":0,"42":0,"43":0,"44":0,"45":0,"46":0,"47":0,"48":0,"49":0,"50":0,"51":0,"52":0,"53":0,"54":0},"b":{"1":[0,0],"2":[0,0],"3":[0,0],"4":[0,0],"5":[0,0],"6":[0,0],"7":[0,0],"8":[0,0],"9":[0,0],"10":[0,0],"11":[0,0],"12":[0,0],"13":[0,0],"14":[0,0],"15":[0,0],"16":[0,0],"17":[0,0]},"f":{"1":0,"2":0,"3":0,"4":0,"5":0,"6":0,"7":0,"8":0,"9":0,"10":0,"11":0,"12":0,"13":0,"14":0,"15":0,"16":0,"17":0,"18":0,"19":0,"20":0,"21":0,"22":0},"fnMap":{"1":{"name":"checkIsAddressValid","line":11,"loc":{"start":{"line":11,"column":4},"end":{"line":16,"column":4}}},"2":{"name":"initializer","line":47,"loc":{"start":{"line":40,"column":4},"end":{"line":60,"column":4}}},"3":{"name":"name","line":65,"loc":{"start":{"line":65,"column":4},"end":{"line":67,"column":4}}},"4":{"name":"symbol","line":73,"loc":{"start":{"line":73,"column":4},"end":{"line":75,"column":4}}},"5":{"name":"decimals","line":90,"loc":{"start":{"line":90,"column":4},"end":{"line":92,"column":4}}},"6":{"name":"totalSupply","line":97,"loc":{"start":{"line":97,"column":4},"end":{"line":99,"column":4}}},"7":{"name":"cap","line":104,"loc":{"start":{"line":104,"column":4},"end":{"line":106,"column":4}}},"8":{"name":"balanceOf","line":111,"loc":{"start":{"line":111,"column":4},"end":{"line":113,"column":4}}},"9":{"name":"transfer","line":123,"loc":{"start":{"line":123,"column":4},"end":{"line":127,"column":4}}},"10":{"name":"allowance","line":132,"loc":{"start":{"line":132,"column":4},"end":{"line":134,"column":4}}},"11":{"name":"approve","line":146,"loc":{"start":{"line":146,"column":4},"end":{"line":150,"column":4}}},"12":{"name":"transferFrom","line":168,"loc":{"start":{"line":168,"column":4},"end":{"line":177,"column":4}}},"13":{"name":"increaseAllowance","line":191,"loc":{"start":{"line":191,"column":4},"end":{"line":195,"column":4}}},"14":{"name":"decreaseAllowance","line":211,"loc":{"start":{"line":211,"column":4},"end":{"line":220,"column":4}}},"15":{"name":"_transfer","line":236,"loc":{"start":{"line":236,"column":4},"end":{"line":256,"column":4}}},"16":{"name":"_mint","line":267,"loc":{"start":{"line":267,"column":4},"end":{"line":278,"column":4}}},"17":{"name":"_burn","line":291,"loc":{"start":{"line":291,"column":4},"end":{"line":306,"column":4}}},"18":{"name":"_approve","line":321,"loc":{"start":{"line":321,"column":4},"end":{"line":331,"column":4}}},"19":{"name":"_spendAllowance","line":341,"loc":{"start":{"line":341,"column":4},"end":{"line":353,"column":4}}},"20":{"name":"_beforeTokenTransfer","line":369,"loc":{"start":{"line":369,"column":4},"end":{"line":373,"column":24}}},"21":{"name":"_afterTokenTransfer","line":389,"loc":{"start":{"line":389,"column":4},"end":{"line":393,"column":24}}},"22":{"name":"mint","line":400,"loc":{"start":{"line":400,"column":4},"end":{"line":402,"column":4}}}},"statementMap":{"1":{"start":{"line":13,"column":8},"end":{"line":13,"column":70}},"2":{"start":{"line":14,"column":8},"end":{"line":14,"column":77}},"3":{"start":{"line":48,"column":8},"end":{"line":48,"column":65}},"4":{"start":{"line":56,"column":8},"end":{"line":56,"column":33}},"5":{"start":{"line":59,"column":8},"end":{"line":59,"column":36}},"6":{"start":{"line":66,"column":8},"end":{"line":66,"column":20}},"7":{"start":{"line":74,"column":8},"end":{"line":74,"column":22}},"8":{"start":{"line":91,"column":8},"end":{"line":91,"column":23}},"9":{"start":{"line":98,"column":8},"end":{"line":98,"column":27}},"10":{"start":{"line":105,"column":8},"end":{"line":105,"column":19}},"11":{"start":{"line":112,"column":8},"end":{"line":112,"column":33}},"12":{"start":{"line":124,"column":8},"end":{"line":124,"column":37}},"13":{"start":{"line":125,"column":8},"end":{"line":125,"column":36}},"14":{"start":{"line":126,"column":8},"end":{"line":126,"column":19}},"15":{"start":{"line":133,"column":8},"end":{"line":133,"column":43}},"16":{"start":{"line":147,"column":8},"end":{"line":147,"column":37}},"17":{"start":{"line":148,"column":8},"end":{"line":148,"column":40}},"18":{"start":{"line":149,"column":8},"end":{"line":149,"column":19}},"19":{"start":{"line":173,"column":8},"end":{"line":173,"column":38}},"20":{"start":{"line":174,"column":8},"end":{"line":174,"column":45}},"21":{"start":{"line":175,"column":8},"end":{"line":175,"column":34}},"22":{"start":{"line":176,"column":8},"end":{"line":176,"column":19}},"23":{"start":{"line":192,"column":8},"end":{"line":192,"column":37}},"24":{"start":{"line":193,"column":8},"end":{"line":193,"column":73}},"25":{"start":{"line":194,"column":8},"end":{"line":194,"column":19}},"26":{"start":{"line":212,"column":8},"end":{"line":212,"column":37}},"27":{"start":{"line":213,"column":8},"end":{"line":213,"column":61}},"28":{"start":{"line":214,"column":8},"end":{"line":214,"column":92}},"29":{"start":{"line":219,"column":8},"end":{"line":219,"column":19}},"30":{"start":{"line":241,"column":8},"end":{"line":241,"column":75}},"31":{"start":{"line":242,"column":8},"end":{"line":242,"column":71}},"32":{"start":{"line":244,"column":8},"end":{"line":244,"column":45}},"33":{"start":{"line":246,"column":8},"end":{"line":246,"column":45}},"34":{"start":{"line":247,"column":8},"end":{"line":247,"column":79}},"35":{"start":{"line":253,"column":8},"end":{"line":253,"column":39}},"36":{"start":{"line":255,"column":8},"end":{"line":255,"column":44}},"37":{"start":{"line":268,"column":8},"end":{"line":268,"column":76}},"38":{"start":{"line":269,"column":8},"end":{"line":269,"column":72}},"39":{"start":{"line":271,"column":8},"end":{"line":271,"column":56}},"40":{"start":{"line":275,"column":8},"end":{"line":275,"column":50}},"41":{"start":{"line":277,"column":8},"end":{"line":277,"column":55}},"42":{"start":{"line":292,"column":8},"end":{"line":292,"column":74}},"43":{"start":{"line":294,"column":8},"end":{"line":294,"column":56}},"44":{"start":{"line":296,"column":8},"end":{"line":296,"column":51}},"45":{"start":{"line":297,"column":8},"end":{"line":297,"column":78}},"46":{"start":{"line":303,"column":8},"end":{"line":303,"column":50}},"47":{"start":{"line":305,"column":8},"end":{"line":305,"column":55}},"48":{"start":{"line":326,"column":8},"end":{"line":326,"column":76}},"49":{"start":{"line":327,"column":8},"end":{"line":327,"column":75}},"50":{"start":{"line":330,"column":8},"end":{"line":330,"column":46}},"51":{"start":{"line":346,"column":8},"end":{"line":346,"column":61}},"52":{"start":{"line":347,"column":8},"end":{"line":347,"column":10925}},"53":{"start":{"line":348,"column":12},"end":{"line":348,"column":79}},"54":{"start":{"line":401,"column":8},"end":{"line":401,"column":29}}},"branchMap":{"1":{"line":13,"type":"if","locations":[{"start":{"line":13,"column":8},"end":{"line":13,"column":8}},{"start":{"line":13,"column":8},"end":{"line":13,"column":8}}]},"2":{"line":14,"type":"if","locations":[{"start":{"line":14,"column":8},"end":{"line":14,"column":8}},{"start":{"line":14,"column":8},"end":{"line":14,"column":8}}]},"3":{"line":47,"type":"if","locations":[{"start":{"line":47,"column":6},"end":{"line":47,"column":6}},{"start":{"line":47,"column":6},"end":{"line":47,"column":6}}]},"4":{"line":48,"type":"if","locations":[{"start":{"line":48,"column":8},"end":{"line":48,"column":8}},{"start":{"line":48,"column":8},"end":{"line":48,"column":8}}]},"5":{"line":214,"type":"if","locations":[{"start":{"line":214,"column":8},"end":{"line":214,"column":8}},{"start":{"line":214,"column":8},"end":{"line":214,"column":8}}]},"6":{"line":241,"type":"if","locations":[{"start":{"line":241,"column":8},"end":{"line":241,"column":8}},{"start":{"line":241,"column":8},"end":{"line":241,"column":8}}]},"7":{"line":242,"type":"if","locations":[{"start":{"line":242,"column":8},"end":{"line":242,"column":8}},{"start":{"line":242,"column":8},"end":{"line":242,"column":8}}]},"8":{"line":247,"type":"if","locations":[{"start":{"line":247,"column":8},"end":{"line":247,"column":8}},{"start":{"line":247,"column":8},"end":{"line":247,"column":8}}]},"9":{"line":268,"type":"if","locations":[{"start":{"line":268,"column":8},"end":{"line":268,"column":8}},{"start":{"line":268,"column":8},"end":{"line":268,"column":8}}]},"10":{"line":269,"type":"if","locations":[{"start":{"line":269,"column":8},"end":{"line":269,"column":8}},{"start":{"line":269,"column":8},"end":{"line":269,"column":8}}]},"11":{"line":292,"type":"if","locations":[{"start":{"line":292,"column":8},"end":{"line":292,"column":8}},{"start":{"line":292,"column":8},"end":{"line":292,"column":8}}]},"12":{"line":297,"type":"if","locations":[{"start":{"line":297,"column":8},"end":{"line":297,"column":8}},{"start":{"line":297,"column":8},"end":{"line":297,"column":8}}]},"13":{"line":326,"type":"if","locations":[{"start":{"line":326,"column":8},"end":{"line":326,"column":8}},{"start":{"line":326,"column":8},"end":{"line":326,"column":8}}]},"14":{"line":327,"type":"if","locations":[{"start":{"line":327,"column":8},"end":{"line":327,"column":8}},{"start":{"line":327,"column":8},"end":{"line":327,"column":8}}]},"15":{"line":347,"type":"if","locations":[{"start":{"line":347,"column":8},"end":{"line":347,"column":8}},{"start":{"line":347,"column":8},"end":{"line":347,"column":8}}]},"16":{"line":348,"type":"if","locations":[{"start":{"line":348,"column":12},"end":{"line":348,"column":12}},{"start":{"line":348,"column":12},"end":{"line":348,"column":12}}]},"17":{"line":400,"type":"if","locations":[{"start":{"line":400,"column":60},"end":{"line":400,"column":60}},{"start":{"line":400,"column":60},"end":{"line":400,"column":60}}]}}},"contracts/CapxCappedTokens/CapxMintBurnCappedPauseableToken.sol":{"l":{"13":0,"14":0,"15":0,"48":0,"49":0,"50":0,"51":0,"52":0,"53":0,"56":0,"59":0,"66":0,"74":0,"91":0,"98":0,"105":0,"112":0,"124":0,"125":0,"126":0,"133":0,"147":0,"148":0,"149":0,"173":0,"174":0,"175":0,"176":0,"192":0,"193":0,"194":0,"212":0,"213":0,"214":0,"215":0,"219":0,"241":0,"242":0,"244":0,"246":0,"247":0,"248":0,"251":0,"253":0,"255":0,"268":0,"269":0,"271":0,"273":0,"274":0,"275":0,"277":0,"292":0,"294":0,"296":0,"297":0,"298":0,"301":0,"303":0,"305":0,"326":0,"327":0,"329":0,"330":0,"346":0,"347":0,"348":0,"349":0,"401":0,"410":0,"425":0,"426":0},"path":"/Users/envy/Code/CapX/Capx-ERC20Token-Minter/contracts/CapxCappedTokens/CapxMintBurnCappedPauseableToken.sol","s":{"1":0,"2":0,"3":0,"4":0,"5":0,"6":0,"7":0,"8":0,"9":0,"10":0,"11":0,"12":0,"13":0,"14":0,"15":0,"16":0,"17":0,"18":0,"19":0,"20":0,"21":0,"22":0,"23":0,"24":0,"25":0,"26":0,"27":0,"28":0,"29":0,"30":0,"31":0,"32":0,"33":0,"34":0,"35":0,"36":0,"37":0,"38":0,"39":0,"40":0,"41":0,"42":0,"43":0,"44":0,"45":0,"46":0,"47":0,"48":0,"49":0,"50":0,"51":0,"52":0,"53":0,"54":0,"55":0,"56":0,"57":0},"b":{"1":[0,0],"2":[0,0],"3":[0,0],"4":[0,0],"5":[0,0],"6":[0,0],"7":[0,0],"8":[0,0],"9":[0,0],"10":[0,0],"11":[0,0],"12":[0,0],"13":[0,0],"14":[0,0],"15":[0,0],"16":[0,0],"17":[0,0],"18":[0,0]},"f":{"1":0,"2":0,"3":0,"4":0,"5":0,"6":0,"7":0,"8":0,"9":0,"10":0,"11":0,"12":0,"13":0,"14":0,"15":0,"16":0,"17":0,"18":0,"19":0,"20":0,"21":0,"22":0,"23":0,"24":0},"fnMap":{"1":{"name":"checkIsAddressValid","line":11,"loc":{"start":{"line":11,"column":4},"end":{"line":16,"column":4}}},"2":{"name":"initializer","line":47,"loc":{"start":{"line":40,"column":4},"end":{"line":60,"column":4}}},"3":{"name":"name","line":65,"loc":{"start":{"line":65,"column":4},"end":{"line":67,"column":4}}},"4":{"name":"symbol","line":73,"loc":{"start":{"line":73,"column":4},"end":{"line":75,"column":4}}},"5":{"name":"decimals","line":90,"loc":{"start":{"line":90,"column":4},"end":{"line":92,"column":4}}},"6":{"name":"totalSupply","line":97,"loc":{"start":{"line":97,"column":4},"end":{"line":99,"column":4}}},"7":{"name":"cap","line":104,"loc":{"start":{"line":104,"column":4},"end":{"line":106,"column":4}}},"8":{"name":"balanceOf","line":111,"loc":{"start":{"line":111,"column":4},"end":{"line":113,"column":4}}},"9":{"name":"transfer","line":123,"loc":{"start":{"line":123,"column":4},"end":{"line":127,"column":4}}},"10":{"name":"allowance","line":132,"loc":{"start":{"line":132,"column":4},"end":{"line":134,"column":4}}},"11":{"name":"approve","line":146,"loc":{"start":{"line":146,"column":4},"end":{"line":150,"column":4}}},"12":{"name":"transferFrom","line":168,"loc":{"start":{"line":168,"column":4},"end":{"line":177,"column":4}}},"13":{"name":"increaseAllowance","line":191,"loc":{"start":{"line":191,"column":4},"end":{"line":195,"column":4}}},"14":{"name":"decreaseAllowance","line":211,"loc":{"start":{"line":211,"column":4},"end":{"line":220,"column":4}}},"15":{"name":"_transfer","line":240,"loc":{"start":{"line":236,"column":4},"end":{"line":256,"column":4}}},"16":{"name":"_mint","line":267,"loc":{"start":{"line":267,"column":4},"end":{"line":278,"column":4}}},"17":{"name":"_burn","line":291,"loc":{"start":{"line":291,"column":4},"end":{"line":306,"column":4}}},"18":{"name":"_approve","line":321,"loc":{"start":{"line":321,"column":4},"end":{"line":331,"column":4}}},"19":{"name":"_spendAllowance","line":341,"loc":{"start":{"line":341,"column":4},"end":{"line":353,"column":4}}},"20":{"name":"_beforeTokenTransfer","line":369,"loc":{"start":{"line":369,"column":4},"end":{"line":373,"column":24}}},"21":{"name":"_afterTokenTransfer","line":389,"loc":{"start":{"line":389,"column":4},"end":{"line":393,"column":24}}},"22":{"name":"mint","line":400,"loc":{"start":{"line":400,"column":4},"end":{"line":402,"column":4}}},"23":{"name":"burn","line":409,"loc":{"start":{"line":409,"column":4},"end":{"line":411,"column":4}}},"24":{"name":"burnFrom","line":424,"loc":{"start":{"line":424,"column":4},"end":{"line":427,"column":4}}}},"statementMap":{"1":{"start":{"line":13,"column":8},"end":{"line":13,"column":70}},"2":{"start":{"line":14,"column":8},"end":{"line":14,"column":77}},"3":{"start":{"line":48,"column":8},"end":{"line":48,"column":65}},"4":{"start":{"line":56,"column":8},"end":{"line":56,"column":33}},"5":{"start":{"line":59,"column":8},"end":{"line":59,"column":36}},"6":{"start":{"line":66,"column":8},"end":{"line":66,"column":20}},"7":{"start":{"line":74,"column":8},"end":{"line":74,"column":22}},"8":{"start":{"line":91,"column":8},"end":{"line":91,"column":23}},"9":{"start":{"line":98,"column":8},"end":{"line":98,"column":27}},"10":{"start":{"line":105,"column":8},"end":{"line":105,"column":19}},"11":{"start":{"line":112,"column":8},"end":{"line":112,"column":33}},"12":{"start":{"line":124,"column":8},"end":{"line":124,"column":37}},"13":{"start":{"line":125,"column":8},"end":{"line":125,"column":36}},"14":{"start":{"line":126,"column":8},"end":{"line":126,"column":19}},"15":{"start":{"line":133,"column":8},"end":{"line":133,"column":43}},"16":{"start":{"line":147,"column":8},"end":{"line":147,"column":37}},"17":{"start":{"line":148,"column":8},"end":{"line":148,"column":40}},"18":{"start":{"line":149,"column":8},"end":{"line":149,"column":19}},"19":{"start":{"line":173,"column":8},"end":{"line":173,"column":38}},"20":{"start":{"line":174,"column":8},"end":{"line":174,"column":45}},"21":{"start":{"line":175,"column":8},"end":{"line":175,"column":34}},"22":{"start":{"line":176,"column":8},"end":{"line":176,"column":19}},"23":{"start":{"line":192,"column":8},"end":{"line":192,"column":37}},"24":{"start":{"line":193,"column":8},"end":{"line":193,"column":73}},"25":{"start":{"line":194,"column":8},"end":{"line":194,"column":19}},"26":{"start":{"line":212,"column":8},"end":{"line":212,"column":37}},"27":{"start":{"line":213,"column":8},"end":{"line":213,"column":61}},"28":{"start":{"line":214,"column":8},"end":{"line":214,"column":92}},"29":{"start":{"line":219,"column":8},"end":{"line":219,"column":19}},"30":{"start":{"line":241,"column":8},"end":{"line":241,"column":75}},"31":{"start":{"line":242,"column":8},"end":{"line":242,"column":71}},"32":{"start":{"line":244,"column":8},"end":{"line":244,"column":45}},"33":{"start":{"line":246,"column":8},"end":{"line":246,"column":45}},"34":{"start":{"line":247,"column":8},"end":{"line":247,"column":79}},"35":{"start":{"line":253,"column":8},"end":{"line":253,"column":39}},"36":{"start":{"line":255,"column":8},"end":{"line":255,"column":44}},"37":{"start":{"line":268,"column":8},"end":{"line":268,"column":76}},"38":{"start":{"line":269,"column":8},"end":{"line":269,"column":72}},"39":{"start":{"line":271,"column":8},"end":{"line":271,"column":56}},"40":{"start":{"line":275,"column":8},"end":{"line":275,"column":50}},"41":{"start":{"line":277,"column":8},"end":{"line":277,"column":55}},"42":{"start":{"line":292,"column":8},"end":{"line":292,"column":74}},"43":{"start":{"line":294,"column":8},"end":{"line":294,"column":56}},"44":{"start":{"line":296,"column":8},"end":{"line":296,"column":51}},"45":{"start":{"line":297,"column":8},"end":{"line":297,"column":78}},"46":{"start":{"line":303,"column":8},"end":{"line":303,"column":50}},"47":{"start":{"line":305,"column":8},"end":{"line":305,"column":55}},"48":{"start":{"line":326,"column":8},"end":{"line":326,"column":76}},"49":{"start":{"line":327,"column":8},"end":{"line":327,"column":75}},"50":{"start":{"line":330,"column":8},"end":{"line":330,"column":46}},"51":{"start":{"line":346,"column":8},"end":{"line":346,"column":61}},"52":{"start":{"line":347,"column":8},"end":{"line":347,"column":11005}},"53":{"start":{"line":348,"column":12},"end":{"line":348,"column":79}},"54":{"start":{"line":401,"column":8},"end":{"line":401,"column":29}},"55":{"start":{"line":410,"column":8},"end":{"line":410,"column":34}},"56":{"start":{"line":425,"column":8},"end":{"line":425,"column":53}},"57":{"start":{"line":426,"column":8},"end":{"line":426,"column":29}}},"branchMap":{"1":{"line":13,"type":"if","locations":[{"start":{"line":13,"column":8},"end":{"line":13,"column":8}},{"start":{"line":13,"column":8},"end":{"line":13,"column":8}}]},"2":{"line":14,"type":"if","locations":[{"start":{"line":14,"column":8},"end":{"line":14,"column":8}},{"start":{"line":14,"column":8},"end":{"line":14,"column":8}}]},"3":{"line":47,"type":"if","locations":[{"start":{"line":47,"column":6},"end":{"line":47,"column":6}},{"start":{"line":47,"column":6},"end":{"line":47,"column":6}}]},"4":{"line":48,"type":"if","locations":[{"start":{"line":48,"column":8},"end":{"line":48,"column":8}},{"start":{"line":48,"column":8},"end":{"line":48,"column":8}}]},"5":{"line":214,"type":"if","locations":[{"start":{"line":214,"column":8},"end":{"line":214,"column":8}},{"start":{"line":214,"column":8},"end":{"line":214,"column":8}}]},"6":{"line":240,"type":"if","locations":[{"start":{"line":240,"column":23},"end":{"line":240,"column":23}},{"start":{"line":240,"column":23},"end":{"line":240,"column":23}}]},"7":{"line":241,"type":"if","locations":[{"start":{"line":241,"column":8},"end":{"line":241,"column":8}},{"start":{"line":241,"column":8},"end":{"line":241,"column":8}}]},"8":{"line":242,"type":"if","locations":[{"start":{"line":242,"column":8},"end":{"line":242,"column":8}},{"start":{"line":242,"column":8},"end":{"line":242,"column":8}}]},"9":{"line":247,"type":"if","locations":[{"start":{"line":247,"column":8},"end":{"line":247,"column":8}},{"start":{"line":247,"column":8},"end":{"line":247,"column":8}}]},"10":{"line":268,"type":"if","locations":[{"start":{"line":268,"column":8},"end":{"line":268,"column":8}},{"start":{"line":268,"column":8},"end":{"line":268,"column":8}}]},"11":{"line":269,"type":"if","locations":[{"start":{"line":269,"column":8},"end":{"line":269,"column":8}},{"start":{"line":269,"column":8},"end":{"line":269,"column":8}}]},"12":{"line":292,"type":"if","locations":[{"start":{"line":292,"column":8},"end":{"line":292,"column":8}},{"start":{"line":292,"column":8},"end":{"line":292,"column":8}}]},"13":{"line":297,"type":"if","locations":[{"start":{"line":297,"column":8},"end":{"line":297,"column":8}},{"start":{"line":297,"column":8},"end":{"line":297,"column":8}}]},"14":{"line":326,"type":"if","locations":[{"start":{"line":326,"column":8},"end":{"line":326,"column":8}},{"start":{"line":326,"column":8},"end":{"line":326,"column":8}}]},"15":{"line":327,"type":"if","locations":[{"start":{"line":327,"column":8},"end":{"line":327,"column":8}},{"start":{"line":327,"column":8},"end":{"line":327,"column":8}}]},"16":{"line":347,"type":"if","locations":[{"start":{"line":347,"column":8},"end":{"line":347,"column":8}},{"start":{"line":347,"column":8},"end":{"line":347,"column":8}}]},"17":{"line":348,"type":"if","locations":[{"start":{"line":348,"column":12},"end":{"line":348,"column":12}},{"start":{"line":348,"column":12},"end":{"line":348,"column":12}}]},"18":{"line":400,"type":"if","locations":[{"start":{"line":400,"column":60},"end":{"line":400,"column":60}},{"start":{"line":400,"column":60},"end":{"line":400,"column":60}}]}}},"contracts/CapxCappedTokens/CapxMintBurnCappedToken.sol":{"l":{"12":0,"13":0,"14":0,"47":0,"48":0,"49":0,"50":0,"51":0,"52":0,"55":0,"58":0,"65":0,"73":0,"90":0,"97":0,"104":0,"111":0,"123":0,"124":0,"125":0,"132":0,"146":0,"147":0,"148":0,"172":0,"173":0,"174":0,"175":0,"191":0,"192":0,"193":0,"211":0,"212":0,"213":0,"214":0,"218":0,"240":0,"241":0,"243":0,"245":0,"246":0,"247":0,"250":0,"252":0,"254":0,"267":0,"268":0,"270":0,"272":0,"273":0,"274":0,"276":0,"291":0,"293":0,"295":0,"296":0,"297":0,"300":0,"302":0,"304":0,"325":0,"326":0,"328":0,"329":0,"345":0,"346":0,"347":0,"348":0,"400":0,"409":0,"424":0,"425":0},"path":"/Users/envy/Code/CapX/Capx-ERC20Token-Minter/contracts/CapxCappedTokens/CapxMintBurnCappedToken.sol","s":{"1":0,"2":0,"3":0,"4":0,"5":0,"6":0,"7":0,"8":0,"9":0,"10":0,"11":0,"12":0,"13":0,"14":0,"15":0,"16":0,"17":0,"18":0,"19":0,"20":0,"21":0,"22":0,"23":0,"24":0,"25":0,"26":0,"27":0,"28":0,"29":0,"30":0,"31":0,"32":0,"33":0,"34":0,"35":0,"36":0,"37":0,"38":0,"39":0,"40":0,"41":0,"42":0,"43":0,"44":0,"45":0,"46":0,"47":0,"48":0,"49":0,"50":0,"51":0,"52":0,"53":0,"54":0,"55":0,"56":0,"57":0},"b":{"1":[0,0],"2":[0,0],"3":[0,0],"4":[0,0],"5":[0,0],"6":[0,0],"7":[0,0],"8":[0,0],"9":[0,0],"10":[0,0],"11":[0,0],"12":[0,0],"13":[0,0],"14":[0,0],"15":[0,0],"16":[0,0],"17":[0,0]},"f":{"1":0,"2":0,"3":0,"4":0,"5":0,"6":0,"7":0,"8":0,"9":0,"10":0,"11":0,"12":0,"13":0,"14":0,"15":0,"16":0,"17":0,"18":0,"19":0,"20":0,"21":0,"22":0,"23":0,"24":0},"fnMap":{"1":{"name":"checkIsAddressValid","line":10,"loc":{"start":{"line":10,"column":4},"end":{"line":15,"column":4}}},"2":{"name":"initializer","line":46,"loc":{"start":{"line":39,"column":4},"end":{"line":59,"column":4}}},"3":{"name":"name","line":64,"loc":{"start":{"line":64,"column":4},"end":{"line":66,"column":4}}},"4":{"name":"symbol","line":72,"loc":{"start":{"line":72,"column":4},"end":{"line":74,"column":4}}},"5":{"name":"decimals","line":89,"loc":{"start":{"line":89,"column":4},"end":{"line":91,"column":4}}},"6":{"name":"totalSupply","line":96,"loc":{"start":{"line":96,"column":4},"end":{"line":98,"column":4}}},"7":{"name":"cap","line":103,"loc":{"start":{"line":103,"column":4},"end":{"line":105,"column":4}}},"8":{"name":"balanceOf","line":110,"loc":{"start":{"line":110,"column":4},"end":{"line":112,"column":4}}},"9":{"name":"transfer","line":122,"loc":{"start":{"line":122,"column":4},"end":{"line":126,"column":4}}},"10":{"name":"allowance","line":131,"loc":{"start":{"line":131,"column":4},"end":{"line":133,"column":4}}},"11":{"name":"approve","line":145,"loc":{"start":{"line":145,"column":4},"end":{"line":149,"column":4}}},"12":{"name":"transferFrom","line":167,"loc":{"start":{"line":167,"column":4},"end":{"line":176,"column":4}}},"13":{"name":"increaseAllowance","line":190,"loc":{"start":{"line":190,"column":4},"end":{"line":194,"column":4}}},"14":{"name":"decreaseAllowance","line":210,"loc":{"start":{"line":210,"column":4},"end":{"line":219,"column":4}}},"15":{"name":"_transfer","line":235,"loc":{"start":{"line":235,"column":4},"end":{"line":255,"column":4}}},"16":{"name":"_mint","line":266,"loc":{"start":{"line":266,"column":4},"end":{"line":277,"column":4}}},"17":{"name":"_burn","line":290,"loc":{"start":{"line":290,"column":4},"end":{"line":305,"column":4}}},"18":{"name":"_approve","line":320,"loc":{"start":{"line":320,"column":4},"end":{"line":330,"column":4}}},"19":{"name":"_spendAllowance","line":340,"loc":{"start":{"line":340,"column":4},"end":{"line":352,"column":4}}},"20":{"name":"_beforeTokenTransfer","line":368,"loc":{"start":{"line":368,"column":4},"end":{"line":372,"column":24}}},"21":{"name":"_afterTokenTransfer","line":388,"loc":{"start":{"line":388,"column":4},"end":{"line":392,"column":24}}},"22":{"name":"mint","line":399,"loc":{"start":{"line":399,"column":4},"end":{"line":401,"column":4}}},"23":{"name":"burn","line":408,"loc":{"start":{"line":408,"column":4},"end":{"line":410,"column":4}}},"24":{"name":"burnFrom","line":423,"loc":{"start":{"line":423,"column":4},"end":{"line":426,"column":4}}}},"statementMap":{"1":{"start":{"line":12,"column":8},"end":{"line":12,"column":70}},"2":{"start":{"line":13,"column":8},"end":{"line":13,"column":77}},"3":{"start":{"line":47,"column":8},"end":{"line":47,"column":65}},"4":{"start":{"line":55,"column":8},"end":{"line":55,"column":33}},"5":{"start":{"line":58,"column":8},"end":{"line":58,"column":36}},"6":{"start":{"line":65,"column":8},"end":{"line":65,"column":20}},"7":{"start":{"line":73,"column":8},"end":{"line":73,"column":22}},"8":{"start":{"line":90,"column":8},"end":{"line":90,"column":23}},"9":{"start":{"line":97,"column":8},"end":{"line":97,"column":27}},"10":{"start":{"line":104,"column":8},"end":{"line":104,"column":19}},"11":{"start":{"line":111,"column":8},"end":{"line":111,"column":33}},"12":{"start":{"line":123,"column":8},"end":{"line":123,"column":37}},"13":{"start":{"line":124,"column":8},"end":{"line":124,"column":36}},"14":{"start":{"line":125,"column":8},"end":{"line":125,"column":19}},"15":{"start":{"line":132,"column":8},"end":{"line":132,"column":43}},"16":{"start":{"line":146,"column":8},"end":{"line":146,"column":37}},"17":{"start":{"line":147,"column":8},"end":{"line":147,"column":40}},"18":{"start":{"line":148,"column":8},"end":{"line":148,"column":19}},"19":{"start":{"line":172,"column":8},"end":{"line":172,"column":38}},"20":{"start":{"line":173,"column":8},"end":{"line":173,"column":45}},"21":{"start":{"line":174,"column":8},"end":{"line":174,"column":34}},"22":{"start":{"line":175,"column":8},"end":{"line":175,"column":19}},"23":{"start":{"line":191,"column":8},"end":{"line":191,"column":37}},"24":{"start":{"line":192,"column":8},"end":{"line":192,"column":73}},"25":{"start":{"line":193,"column":8},"end":{"line":193,"column":19}},"26":{"start":{"line":211,"column":8},"end":{"line":211,"column":37}},"27":{"start":{"line":212,"column":8},"end":{"line":212,"column":61}},"28":{"start":{"line":213,"column":8},"end":{"line":213,"column":92}},"29":{"start":{"line":218,"column":8},"end":{"line":218,"column":19}},"30":{"start":{"line":240,"column":8},"end":{"line":240,"column":75}},"31":{"start":{"line":241,"column":8},"end":{"line":241,"column":71}},"32":{"start":{"line":243,"column":8},"end":{"line":243,"column":45}},"33":{"start":{"line":245,"column":8},"end":{"line":245,"column":45}},"34":{"start":{"line":246,"column":8},"end":{"line":246,"column":79}},"35":{"start":{"line":252,"column":8},"end":{"line":252,"column":39}},"36":{"start":{"line":254,"column":8},"end":{"line":254,"column":44}},"37":{"start":{"line":267,"column":8},"end":{"line":267,"column":76}},"38":{"start":{"line":268,"column":8},"end":{"line":268,"column":72}},"39":{"start":{"line":270,"column":8},"end":{"line":270,"column":56}},"40":{"start":{"line":274,"column":8},"end":{"line":274,"column":50}},"41":{"start":{"line":276,"column":8},"end":{"line":276,"column":55}},"42":{"start":{"line":291,"column":8},"end":{"line":291,"column":74}},"43":{"start":{"line":293,"column":8},"end":{"line":293,"column":56}},"44":{"start":{"line":295,"column":8},"end":{"line":295,"column":51}},"45":{"start":{"line":296,"column":8},"end":{"line":296,"column":78}},"46":{"start":{"line":302,"column":8},"end":{"line":302,"column":50}},"47":{"start":{"line":304,"column":8},"end":{"line":304,"column":55}},"48":{"start":{"line":325,"column":8},"end":{"line":325,"column":76}},"49":{"start":{"line":326,"column":8},"end":{"line":326,"column":75}},"50":{"start":{"line":329,"column":8},"end":{"line":329,"column":46}},"51":{"start":{"line":345,"column":8},"end":{"line":345,"column":61}},"52":{"start":{"line":346,"column":8},"end":{"line":346,"column":10920}},"53":{"start":{"line":347,"column":12},"end":{"line":347,"column":79}},"54":{"start":{"line":400,"column":8},"end":{"line":400,"column":29}},"55":{"start":{"line":409,"column":8},"end":{"line":409,"column":34}},"56":{"start":{"line":424,"column":8},"end":{"line":424,"column":53}},"57":{"start":{"line":425,"column":8},"end":{"line":425,"column":29}}},"branchMap":{"1":{"line":12,"type":"if","locations":[{"start":{"line":12,"column":8},"end":{"line":12,"column":8}},{"start":{"line":12,"column":8},"end":{"line":12,"column":8}}]},"2":{"line":13,"type":"if","locations":[{"start":{"line":13,"column":8},"end":{"line":13,"column":8}},{"start":{"line":13,"column":8},"end":{"line":13,"column":8}}]},"3":{"line":46,"type":"if","locations":[{"start":{"line":46,"column":6},"end":{"line":46,"column":6}},{"start":{"line":46,"column":6},"end":{"line":46,"column":6}}]},"4":{"line":47,"type":"if","locations":[{"start":{"line":47,"column":8},"end":{"line":47,"column":8}},{"start":{"line":47,"column":8},"end":{"line":47,"column":8}}]},"5":{"line":213,"type":"if","locations":[{"start":{"line":213,"column":8},"end":{"line":213,"column":8}},{"start":{"line":213,"column":8},"end":{"line":213,"column":8}}]},"6":{"line":240,"type":"if","locations":[{"start":{"line":240,"column":8},"end":{"line":240,"column":8}},{"start":{"line":240,"column":8},"end":{"line":240,"column":8}}]},"7":{"line":241,"type":"if","locations":[{"start":{"line":241,"column":8},"end":{"line":241,"column":8}},{"start":{"line":241,"column":8},"end":{"line":241,"column":8}}]},"8":{"line":246,"type":"if","locations":[{"start":{"line":246,"column":8},"end":{"line":246,"column":8}},{"start":{"line":246,"column":8},"end":{"line":246,"column":8}}]},"9":{"line":267,"type":"if","locations":[{"start":{"line":267,"column":8},"end":{"line":267,"column":8}},{"start":{"line":267,"column":8},"end":{"line":267,"column":8}}]},"10":{"line":268,"type":"if","locations":[{"start":{"line":268,"column":8},"end":{"line":268,"column":8}},{"start":{"line":268,"column":8},"end":{"line":268,"column":8}}]},"11":{"line":291,"type":"if","locations":[{"start":{"line":291,"column":8},"end":{"line":291,"column":8}},{"start":{"line":291,"column":8},"end":{"line":291,"column":8}}]},"12":{"line":296,"type":"if","locations":[{"start":{"line":296,"column":8},"end":{"line":296,"column":8}},{"start":{"line":296,"column":8},"end":{"line":296,"column":8}}]},"13":{"line":325,"type":"if","locations":[{"start":{"line":325,"column":8},"end":{"line":325,"column":8}},{"start":{"line":325,"column":8},"end":{"line":325,"column":8}}]},"14":{"line":326,"type":"if","locations":[{"start":{"line":326,"column":8},"end":{"line":326,"column":8}},{"start":{"line":326,"column":8},"end":{"line":326,"column":8}}]},"15":{"line":346,"type":"if","locations":[{"start":{"line":346,"column":8},"end":{"line":346,"column":8}},{"start":{"line":346,"column":8},"end":{"line":346,"column":8}}]},"16":{"line":347,"type":"if","locations":[{"start":{"line":347,"column":12},"end":{"line":347,"column":12}},{"start":{"line":347,"column":12},"end":{"line":347,"column":12}}]},"17":{"line":399,"type":"if","locations":[{"start":{"line":399,"column":60},"end":{"line":399,"column":60}},{"start":{"line":399,"column":60},"end":{"line":399,"column":60}}]}}},"contracts/CapxFactory.sol":{"l":{"66":16,"67":16,"68":16,"80":1,"81":1,"82":1,"83":1,"91":16,"92":16,"93":16,"107":8,"108":4,"110":1,"113":0,"116":1,"119":1,"122":0,"125":1,"128":4,"130":1,"133":0,"136":1,"139":1,"142":0,"145":1,"151":0,"153":0,"156":0,"159":0,"162":0,"165":0,"191":8,"192":8,"193":8,"194":8,"195":8,"197":8,"199":8,"200":0,"209":8,"217":8,"249":0,"255":0,"256":0,"257":0,"259":0,"260":0,"268":0,"273":8,"274":8,"290":0,"291":0},"path":"/Users/envy/Code/CapX/Capx-ERC20Token-Minter/contracts/CapxFactory.sol","s":{"1":16,"2":16,"3":1,"4":1,"5":16,"6":8,"7":4,"8":3,"9":3,"10":2,"11":1,"12":4,"13":4,"14":3,"15":3,"16":2,"17":1,"18":0,"19":0,"20":0,"21":0,"22":0,"23":8,"24":8,"25":8,"26":8,"27":8,"28":8,"29":8,"30":0,"31":8,"32":8,"33":0,"34":0,"35":0,"36":0,"37":0,"38":0,"39":0,"40":8,"41":0,"42":0},"b":{"1":[16,0],"2":[16,0],"3":[0,0],"4":[1,0],"5":[16,0],"6":[16,0],"7":[4,4],"8":[1,3],"9":[0,3],"10":[1,2],"11":[1,1],"12":[0,1],"13":[4,0],"14":[1,3],"15":[0,3],"16":[1,2],"17":[1,1],"18":[0,1],"19":[0,0],"20":[0,0],"21":[0,0],"22":[0,0],"23":[0,0],"24":[8,0],"25":[8,0],"26":[0,8],"27":[0,0],"28":[0,0]},"f":{"1":16,"2":0,"3":1,"4":16,"5":8,"6":0,"7":8,"8":0,"9":8,"10":0},"fnMap":{"1":{"name":"checkIsAddressValid","line":64,"loc":{"start":{"line":64,"column":4},"end":{"line":69,"column":4}}},"2":{"name":"_authorizeUpgrade","line":74,"loc":{"start":{"line":71,"column":4},"end":{"line":75,"column":5}}},"3":{"name":"initialize","line":79,"loc":{"start":{"line":77,"column":4},"end":{"line":88,"column":4}}},"4":{"name":"addNewERC20Implementation","line":90,"loc":{"start":{"line":90,"column":4},"end":{"line":97,"column":4}}},"5":{"name":"_getTypeOfToken","line":106,"loc":{"start":{"line":106,"column":4},"end":{"line":148,"column":4}}},"6":{"name":"_getTypeOfReflectionToken","line":150,"loc":{"start":{"line":150,"column":4},"end":{"line":167,"column":4}}},"7":{"name":"createToken","line":181,"loc":{"start":{"line":181,"column":4},"end":{"line":218,"column":4}}},"8":{"name":"createReflectiveToken","line":248,"loc":{"start":{"line":240,"column":4},"end":{"line":269,"column":4}}},"9":{"name":"create","line":272,"loc":{"start":{"line":272,"column":4},"end":{"line":287,"column":4}}},"10":{"name":"checkCloneContractWorking","line":289,"loc":{"start":{"line":289,"column":4},"end":{"line":292,"column":4}}}},"statementMap":{"1":{"start":{"line":66,"column":8},"end":{"line":66,"column":70}},"2":{"start":{"line":67,"column":8},"end":{"line":67,"column":77}},"3":{"start":{"line":80,"column":8},"end":{"line":80,"column":23}},"4":{"start":{"line":83,"column":8},"end":{"line":83,"column":2307}},"5":{"start":{"line":93,"column":8},"end":{"line":93,"column":2718}},"6":{"start":{"line":107,"column":8},"end":{"line":107,"column":3267}},"7":{"start":{"line":108,"column":12},"end":{"line":108,"column":3303}},"8":{"start":{"line":111,"column":19},"end":{"line":111,"column":3442}},"9":{"start":{"line":114,"column":18},"end":{"line":114,"column":3586}},"10":{"start":{"line":117,"column":19},"end":{"line":117,"column":3691}},"11":{"start":{"line":120,"column":19},"end":{"line":120,"column":3814}},"12":{"start":{"line":127,"column":15},"end":{"line":127,"column":4036}},"13":{"start":{"line":128,"column":12},"end":{"line":128,"column":4071}},"14":{"start":{"line":131,"column":19},"end":{"line":131,"column":4219}},"15":{"start":{"line":134,"column":19},"end":{"line":134,"column":4373}},"16":{"start":{"line":137,"column":19},"end":{"line":137,"column":4483}},"17":{"start":{"line":140,"column":19},"end":{"line":140,"column":4611}},"18":{"start":{"line":151,"column":8},"end":{"line":151,"column":4985}},"19":{"start":{"line":154,"column":15},"end":{"line":154,"column":5159}},"20":{"start":{"line":157,"column":15},"end":{"line":157,"column":5337}},"21":{"start":{"line":160,"column":15},"end":{"line":160,"column":5509}},"22":{"start":{"line":163,"column":15},"end":{"line":163,"column":5683}},"23":{"start":{"line":191,"column":8},"end":{"line":191,"column":79}},"24":{"start":{"line":192,"column":8},"end":{"line":192,"column":119}},"25":{"start":{"line":193,"column":8},"end":{"line":193,"column":57}},"26":{"start":{"line":194,"column":8},"end":{"line":194,"column":32}},"27":{"start":{"line":195,"column":8},"end":{"line":195,"column":69}},"28":{"start":{"line":197,"column":8},"end":{"line":197,"column":37}},"29":{"start":{"line":199,"column":8},"end":{"line":199,"column":7234}},"30":{"start":{"line":200,"column":12},"end":{"line":200,"column":7268}},"31":{"start":{"line":209,"column":12},"end":{"line":209,"column":7510}},"32":{"start":{"line":217,"column":8},"end":{"line":217,"column":23}},"33":{"start":{"line":249,"column":8},"end":{"line":249,"column":9445}},"34":{"start":{"line":255,"column":8},"end":{"line":255,"column":73}},"35":{"start":{"line":256,"column":8},"end":{"line":256,"column":32}},"36":{"start":{"line":257,"column":8},"end":{"line":257,"column":69}},"37":{"start":{"line":259,"column":8},"end":{"line":259,"column":37}},"38":{"start":{"line":260,"column":8},"end":{"line":260,"column":10028}},"39":{"start":{"line":268,"column":8},"end":{"line":268,"column":23}},"40":{"start":{"line":273,"column":8},"end":{"line":273,"column":46}},"41":{"start":{"line":290,"column":8},"end":{"line":290,"column":53}},"42":{"start":{"line":291,"column":8},"end":{"line":291,"column":48}}},"branchMap":{"1":{"line":66,"type":"if","locations":[{"start":{"line":66,"column":8},"end":{"line":66,"column":8}},{"start":{"line":66,"column":8},"end":{"line":66,"column":8}}]},"2":{"line":67,"type":"if","locations":[{"start":{"line":67,"column":8},"end":{"line":67,"column":8}},{"start":{"line":67,"column":8},"end":{"line":67,"column":8}}]},"3":{"line":74,"type":"if","locations":[{"start":{"line":74,"column":8},"end":{"line":74,"column":8}},{"start":{"line":74,"column":8},"end":{"line":74,"column":8}}]},"4":{"line":79,"type":"if","locations":[{"start":{"line":79,"column":13},"end":{"line":79,"column":13}},{"start":{"line":79,"column":13},"end":{"line":79,"column":13}}]},"5":{"line":90,"type":"if","locations":[{"start":{"line":90,"column":93},"end":{"line":90,"column":93}},{"start":{"line":90,"column":93},"end":{"line":90,"column":93}}]},"6":{"line":90,"type":"if","locations":[{"start":{"line":90,"column":147},"end":{"line":90,"column":147}},{"start":{"line":90,"column":147},"end":{"line":90,"column":147}}]},"7":{"line":107,"type":"if","locations":[{"start":{"line":107,"column":8},"end":{"line":107,"column":8}},{"start":{"line":107,"column":8},"end":{"line":107,"column":8}}]},"8":{"line":108,"type":"if","locations":[{"start":{"line":108,"column":12},"end":{"line":108,"column":12}},{"start":{"line":108,"column":12},"end":{"line":108,"column":12}}]},"9":{"line":111,"type":"if","locations":[{"start":{"line":111,"column":19},"end":{"line":111,"column":19}},{"start":{"line":111,"column":19},"end":{"line":111,"column":19}}]},"10":{"line":114,"type":"if","locations":[{"start":{"line":114,"column":18},"end":{"line":114,"column":18}},{"start":{"line":114,"column":18},"end":{"line":114,"column":18}}]},"11":{"line":117,"type":"if","locations":[{"start":{"line":117,"column":19},"end":{"line":117,"column":19}},{"start":{"line":117,"column":19},"end":{"line":117,"column":19}}]},"12":{"line":120,"type":"if","locations":[{"start":{"line":120,"column":19},"end":{"line":120,"column":19}},{"start":{"line":120,"column":19},"end":{"line":120,"column":19}}]},"13":{"line":127,"type":"if","locations":[{"start":{"line":127,"column":15},"end":{"line":127,"column":15}},{"start":{"line":127,"column":15},"end":{"line":127,"column":15}}]},"14":{"line":128,"type":"if","locations":[{"start":{"line":128,"column":12},"end":{"line":128,"column":12}},{"start":{"line":128,"column":12},"end":{"line":128,"column":12}}]},"15":{"line":131,"type":"if","locations":[{"start":{"line":131,"column":19},"end":{"line":131,"column":19}},{"start":{"line":131,"column":19},"end":{"line":131,"column":19}}]},"16":{"line":134,"type":"if","locations":[{"start":{"line":134,"column":19},"end":{"line":134,"column":19}},{"start":{"line":134,"column":19},"end":{"line":134,"column":19}}]},"17":{"line":137,"type":"if","locations":[{"start":{"line":137,"column":19},"end":{"line":137,"column":19}},{"start":{"line":137,"column":19},"end":{"line":137,"column":19}}]},"18":{"line":140,"type":"if","locations":[{"start":{"line":140,"column":19},"end":{"line":140,"column":19}},{"start":{"line":140,"column":19},"end":{"line":140,"column":19}}]},"19":{"line":151,"type":"if","locations":[{"start":{"line":151,"column":8},"end":{"line":151,"column":8}},{"start":{"line":151,"column":8},"end":{"line":151,"column":8}}]},"20":{"line":154,"type":"if","locations":[{"start":{"line":154,"column":15},"end":{"line":154,"column":15}},{"start":{"line":154,"column":15},"end":{"line":154,"column":15}}]},"21":{"line":157,"type":"if","locations":[{"start":{"line":157,"column":15},"end":{"line":157,"column":15}},{"start":{"line":157,"column":15},"end":{"line":157,"column":15}}]},"22":{"line":160,"type":"if","locations":[{"start":{"line":160,"column":15},"end":{"line":160,"column":15}},{"start":{"line":160,"column":15},"end":{"line":160,"column":15}}]},"23":{"line":163,"type":"if","locations":[{"start":{"line":163,"column":15},"end":{"line":163,"column":15}},{"start":{"line":163,"column":15},"end":{"line":163,"column":15}}]},"24":{"line":191,"type":"if","locations":[{"start":{"line":191,"column":8},"end":{"line":191,"column":8}},{"start":{"line":191,"column":8},"end":{"line":191,"column":8}}]},"25":{"line":192,"type":"if","locations":[{"start":{"line":192,"column":8},"end":{"line":192,"column":8}},{"start":{"line":192,"column":8},"end":{"line":192,"column":8}}]},"26":{"line":199,"type":"if","locations":[{"start":{"line":199,"column":8},"end":{"line":199,"column":8}},{"start":{"line":199,"column":8},"end":{"line":199,"column":8}}]},"27":{"line":248,"type":"if","locations":[{"start":{"line":248,"column":23},"end":{"line":248,"column":23}},{"start":{"line":248,"column":23},"end":{"line":248,"column":23}}]},"28":{"line":249,"type":"if","locations":[{"start":{"line":249,"column":8},"end":{"line":249,"column":8}},{"start":{"line":249,"column":8},"end":{"line":249,"column":8}}]}}},"contracts/CapxPausableTokens/CapxBurnablePauseableToken.sol":{"l":{"13":1,"14":1,"15":1,"46":1,"47":1,"48":1,"49":1,"50":1,"53":1,"56":1,"63":1,"71":1,"88":1,"95":2,"102":3,"114":7,"115":7,"116":1,"123":17,"137":2,"138":2,"139":2,"163":11,"164":11,"165":3,"166":1,"182":1,"183":1,"184":1,"202":1,"203":1,"204":1,"205":1,"209":1,"231":6,"232":6,"234":4,"236":4,"237":4,"238":2,"241":2,"243":2,"245":2,"258":1,"260":1,"262":1,"263":1,"264":1,"266":1,"281":3,"283":3,"285":3,"286":3,"287":1,"290":1,"292":1,"294":1,"315":7,"316":7,"318":7,"319":7,"335":11,"336":11,"337":11,"338":3,"390":3,"405":0,"406":0,"410":2,"414":2},"path":"/Users/envy/Code/CapX/Capx-ERC20Token-Minter/contracts/CapxPausableTokens/CapxBurnablePauseableToken.sol","s":{"1":1,"2":1,"3":1,"4":1,"5":1,"6":1,"7":1,"8":1,"9":2,"10":3,"11":7,"12":7,"13":1,"14":17,"15":2,"16":2,"17":2,"18":11,"19":11,"20":3,"21":1,"22":1,"23":1,"24":1,"25":1,"26":1,"27":1,"28":1,"29":6,"30":6,"31":4,"32":4,"33":4,"34":2,"35":2,"36":1,"37":1,"38":1,"39":1,"40":3,"41":3,"42":3,"43":3,"44":1,"45":1,"46":7,"47":7,"48":7,"49":11,"50":11,"51":11,"52":3,"53":0,"54":0,"55":2,"56":2},"b":{"1":[1,0],"2":[1,0],"3":[1,0],"4":[1,0],"5":[1,0],"6":[6,4],"7":[6,0],"8":[4,2],"9":[2,2],"10":[1,0],"11":[3,0],"12":[1,2],"13":[7,0],"14":[7,0],"15":[11,0],"16":[3,8],"17":[2,0],"18":[2,0]},"f":{"1":1,"2":1,"3":1,"4":1,"5":1,"6":2,"7":3,"8":7,"9":17,"10":2,"11":11,"12":1,"13":1,"14":6,"15":1,"16":3,"17":7,"18":11,"19":8,"20":4,"21":3,"22":0,"23":2,"24":2},"fnMap":{"1":{"name":"checkIsAddressValid","line":11,"loc":{"start":{"line":11,"column":4},"end":{"line":16,"column":4}}},"2":{"name":"initializer","line":45,"loc":{"start":{"line":39,"column":4},"end":{"line":57,"column":4}}},"3":{"name":"name","line":62,"loc":{"start":{"line":62,"column":4},"end":{"line":64,"column":4}}},"4":{"name":"symbol","line":70,"loc":{"start":{"line":70,"column":4},"end":{"line":72,"column":4}}},"5":{"name":"decimals","line":87,"loc":{"start":{"line":87,"column":4},"end":{"line":89,"column":4}}},"6":{"name":"totalSupply","line":94,"loc":{"start":{"line":94,"column":4},"end":{"line":96,"column":4}}},"7":{"name":"balanceOf","line":101,"loc":{"start":{"line":101,"column":4},"end":{"line":103,"column":4}}},"8":{"name":"transfer","line":113,"loc":{"start":{"line":113,"column":4},"end":{"line":117,"column":4}}},"9":{"name":"allowance","line":122,"loc":{"start":{"line":122,"column":4},"end":{"line":124,"column":4}}},"10":{"name":"approve","line":136,"loc":{"start":{"line":136,"column":4},"end":{"line":140,"column":4}}},"11":{"name":"transferFrom","line":158,"loc":{"start":{"line":158,"column":4},"end":{"line":167,"column":4}}},"12":{"name":"increaseAllowance","line":181,"loc":{"start":{"line":181,"column":4},"end":{"line":185,"column":4}}},"13":{"name":"decreaseAllowance","line":201,"loc":{"start":{"line":201,"column":4},"end":{"line":210,"column":4}}},"14":{"name":"_transfer","line":230,"loc":{"start":{"line":226,"column":4},"end":{"line":246,"column":4}}},"15":{"name":"_mint","line":257,"loc":{"start":{"line":257,"column":4},"end":{"line":267,"column":4}}},"16":{"name":"_burn","line":280,"loc":{"start":{"line":280,"column":4},"end":{"line":295,"column":4}}},"17":{"name":"_approve","line":310,"loc":{"start":{"line":310,"column":4},"end":{"line":320,"column":4}}},"18":{"name":"_spendAllowance","line":330,"loc":{"start":{"line":330,"column":4},"end":{"line":342,"column":4}}},"19":{"name":"_beforeTokenTransfer","line":358,"loc":{"start":{"line":358,"column":4},"end":{"line":362,"column":24}}},"20":{"name":"_afterTokenTransfer","line":378,"loc":{"start":{"line":378,"column":4},"end":{"line":382,"column":24}}},"21":{"name":"burn","line":389,"loc":{"start":{"line":389,"column":4},"end":{"line":391,"column":4}}},"22":{"name":"burnFrom","line":404,"loc":{"start":{"line":404,"column":4},"end":{"line":407,"column":4}}},"23":{"name":"pause","line":409,"loc":{"start":{"line":409,"column":4},"end":{"line":411,"column":4}}},"24":{"name":"unpause","line":413,"loc":{"start":{"line":413,"column":4},"end":{"line":415,"column":4}}}},"statementMap":{"1":{"start":{"line":13,"column":8},"end":{"line":13,"column":70}},"2":{"start":{"line":14,"column":8},"end":{"line":14,"column":77}},"3":{"start":{"line":46,"column":8},"end":{"line":46,"column":65}},"4":{"start":{"line":53,"column":8},"end":{"line":53,"column":33}},"5":{"start":{"line":56,"column":8},"end":{"line":56,"column":29}},"6":{"start":{"line":63,"column":8},"end":{"line":63,"column":20}},"7":{"start":{"line":71,"column":8},"end":{"line":71,"column":22}},"8":{"start":{"line":88,"column":8},"end":{"line":88,"column":23}},"9":{"start":{"line":95,"column":8},"end":{"line":95,"column":27}},"10":{"start":{"line":102,"column":8},"end":{"line":102,"column":33}},"11":{"start":{"line":114,"column":8},"end":{"line":114,"column":37}},"12":{"start":{"line":115,"column":8},"end":{"line":115,"column":36}},"13":{"start":{"line":116,"column":8},"end":{"line":116,"column":19}},"14":{"start":{"line":123,"column":8},"end":{"line":123,"column":43}},"15":{"start":{"line":137,"column":8},"end":{"line":137,"column":37}},"16":{"start":{"line":138,"column":8},"end":{"line":138,"column":40}},"17":{"start":{"line":139,"column":8},"end":{"line":139,"column":19}},"18":{"start":{"line":163,"column":8},"end":{"line":163,"column":38}},"19":{"start":{"line":164,"column":8},"end":{"line":164,"column":45}},"20":{"start":{"line":165,"column":8},"end":{"line":165,"column":34}},"21":{"start":{"line":166,"column":8},"end":{"line":166,"column":19}},"22":{"start":{"line":182,"column":8},"end":{"line":182,"column":37}},"23":{"start":{"line":183,"column":8},"end":{"line":183,"column":73}},"24":{"start":{"line":184,"column":8},"end":{"line":184,"column":19}},"25":{"start":{"line":202,"column":8},"end":{"line":202,"column":37}},"26":{"start":{"line":203,"column":8},"end":{"line":203,"column":61}},"27":{"start":{"line":204,"column":8},"end":{"line":204,"column":92}},"28":{"start":{"line":209,"column":8},"end":{"line":209,"column":19}},"29":{"start":{"line":231,"column":8},"end":{"line":231,"column":75}},"30":{"start":{"line":232,"column":8},"end":{"line":232,"column":71}},"31":{"start":{"line":234,"column":8},"end":{"line":234,"column":45}},"32":{"start":{"line":236,"column":8},"end":{"line":236,"column":45}},"33":{"start":{"line":237,"column":8},"end":{"line":237,"column":79}},"34":{"start":{"line":243,"column":8},"end":{"line":243,"column":39}},"35":{"start":{"line":245,"column":8},"end":{"line":245,"column":44}},"36":{"start":{"line":258,"column":8},"end":{"line":258,"column":72}},"37":{"start":{"line":260,"column":8},"end":{"line":260,"column":56}},"38":{"start":{"line":264,"column":8},"end":{"line":264,"column":50}},"39":{"start":{"line":266,"column":8},"end":{"line":266,"column":55}},"40":{"start":{"line":281,"column":8},"end":{"line":281,"column":74}},"41":{"start":{"line":283,"column":8},"end":{"line":283,"column":56}},"42":{"start":{"line":285,"column":8},"end":{"line":285,"column":51}},"43":{"start":{"line":286,"column":8},"end":{"line":286,"column":78}},"44":{"start":{"line":292,"column":8},"end":{"line":292,"column":50}},"45":{"start":{"line":294,"column":8},"end":{"line":294,"column":55}},"46":{"start":{"line":315,"column":8},"end":{"line":315,"column":76}},"47":{"start":{"line":316,"column":8},"end":{"line":316,"column":75}},"48":{"start":{"line":319,"column":8},"end":{"line":319,"column":46}},"49":{"start":{"line":335,"column":8},"end":{"line":335,"column":61}},"50":{"start":{"line":336,"column":8},"end":{"line":336,"column":10649}},"51":{"start":{"line":337,"column":12},"end":{"line":337,"column":79}},"52":{"start":{"line":390,"column":8},"end":{"line":390,"column":34}},"53":{"start":{"line":405,"column":8},"end":{"line":405,"column":53}},"54":{"start":{"line":406,"column":8},"end":{"line":406,"column":29}},"55":{"start":{"line":410,"column":8},"end":{"line":410,"column":15}},"56":{"start":{"line":414,"column":8},"end":{"line":414,"column":17}}},"branchMap":{"1":{"line":13,"type":"if","locations":[{"start":{"line":13,"column":8},"end":{"line":13,"column":8}},{"start":{"line":13,"column":8},"end":{"line":13,"column":8}}]},"2":{"line":14,"type":"if","locations":[{"start":{"line":14,"column":8},"end":{"line":14,"column":8}},{"start":{"line":14,"column":8},"end":{"line":14,"column":8}}]},"3":{"line":45,"type":"if","locations":[{"start":{"line":45,"column":6},"end":{"line":45,"column":6}},{"start":{"line":45,"column":6},"end":{"line":45,"column":6}}]},"4":{"line":46,"type":"if","locations":[{"start":{"line":46,"column":8},"end":{"line":46,"column":8}},{"start":{"line":46,"column":8},"end":{"line":46,"column":8}}]},"5":{"line":204,"type":"if","locations":[{"start":{"line":204,"column":8},"end":{"line":204,"column":8}},{"start":{"line":204,"column":8},"end":{"line":204,"column":8}}]},"6":{"line":230,"type":"if","locations":[{"start":{"line":230,"column":23},"end":{"line":230,"column":23}},{"start":{"line":230,"column":23},"end":{"line":230,"column":23}}]},"7":{"line":231,"type":"if","locations":[{"start":{"line":231,"column":8},"end":{"line":231,"column":8}},{"start":{"line":231,"column":8},"end":{"line":231,"column":8}}]},"8":{"line":232,"type":"if","locations":[{"start":{"line":232,"column":8},"end":{"line":232,"column":8}},{"start":{"line":232,"column":8},"end":{"line":232,"column":8}}]},"9":{"line":237,"type":"if","locations":[{"start":{"line":237,"column":8},"end":{"line":237,"column":8}},{"start":{"line":237,"column":8},"end":{"line":237,"column":8}}]},"10":{"line":258,"type":"if","locations":[{"start":{"line":258,"column":8},"end":{"line":258,"column":8}},{"start":{"line":258,"column":8},"end":{"line":258,"column":8}}]},"11":{"line":281,"type":"if","locations":[{"start":{"line":281,"column":8},"end":{"line":281,"column":8}},{"start":{"line":281,"column":8},"end":{"line":281,"column":8}}]},"12":{"line":286,"type":"if","locations":[{"start":{"line":286,"column":8},"end":{"line":286,"column":8}},{"start":{"line":286,"column":8},"end":{"line":286,"column":8}}]},"13":{"line":315,"type":"if","locations":[{"start":{"line":315,"column":8},"end":{"line":315,"column":8}},{"start":{"line":315,"column":8},"end":{"line":315,"column":8}}]},"14":{"line":316,"type":"if","locations":[{"start":{"line":316,"column":8},"end":{"line":316,"column":8}},{"start":{"line":316,"column":8},"end":{"line":316,"column":8}}]},"15":{"line":336,"type":"if","locations":[{"start":{"line":336,"column":8},"end":{"line":336,"column":8}},{"start":{"line":336,"column":8},"end":{"line":336,"column":8}}]},"16":{"line":337,"type":"if","locations":[{"start":{"line":337,"column":12},"end":{"line":337,"column":12}},{"start":{"line":337,"column":12},"end":{"line":337,"column":12}}]},"17":{"line":409,"type":"if","locations":[{"start":{"line":409,"column":30},"end":{"line":409,"column":30}},{"start":{"line":409,"column":30},"end":{"line":409,"column":30}}]},"18":{"line":413,"type":"if","locations":[{"start":{"line":413,"column":32},"end":{"line":413,"column":32}},{"start":{"line":413,"column":32},"end":{"line":413,"column":32}}]}}},"contracts/CapxPausableTokens/CapxMintablePauseableToken.sol":{"l":{"14":1,"15":1,"16":1,"47":1,"48":1,"49":1,"50":1,"51":1,"54":1,"57":1,"64":1,"72":1,"89":1,"96":3,"103":3,"115":7,"116":7,"117":1,"124":17,"138":2,"139":2,"140":2,"164":11,"165":11,"166":3,"167":1,"183":1,"184":1,"185":1,"203":1,"204":1,"205":1,"206":1,"210":1,"232":6,"233":6,"235":4,"237":4,"238":4,"239":2,"242":2,"244":2,"246":2,"259":4,"261":2,"263":2,"264":2,"265":2,"267":2,"282":0,"284":0,"286":0,"287":0,"288":0,"291":0,"293":0,"295":0,"316":7,"317":7,"319":7,"320":7,"336":11,"337":11,"338":11,"339":3,"391":3,"395":2,"399":2},"path":"/Users/envy/Code/CapX/Capx-ERC20Token-Minter/contracts/CapxPausableTokens/CapxMintablePauseableToken.sol","s":{"1":1,"2":1,"3":1,"4":1,"5":1,"6":1,"7":1,"8":1,"9":3,"10":3,"11":7,"12":7,"13":1,"14":17,"15":2,"16":2,"17":2,"18":11,"19":11,"20":3,"21":1,"22":1,"23":1,"24":1,"25":1,"26":1,"27":1,"28":1,"29":6,"30":6,"31":4,"32":4,"33":4,"34":2,"35":2,"36":4,"37":2,"38":2,"39":2,"40":0,"41":0,"42":0,"43":0,"44":0,"45":0,"46":7,"47":7,"48":7,"49":11,"50":11,"51":11,"52":3,"53":2,"54":2},"b":{"1":[1,0],"2":[1,0],"3":[1,0],"4":[1,0],"5":[1,0],"6":[6,4],"7":[6,0],"8":[4,2],"9":[2,2],"10":[2,2],"11":[0,0],"12":[0,0],"13":[7,0],"14":[7,0],"15":[11,0],"16":[3,8],"17":[3,2],"18":[2,0],"19":[2,0]},"f":{"1":1,"2":1,"3":1,"4":1,"5":1,"6":3,"7":3,"8":7,"9":17,"10":2,"11":11,"12":1,"13":1,"14":6,"15":4,"16":0,"17":7,"18":11,"19":6,"20":4,"21":3,"22":2,"23":2},"fnMap":{"1":{"name":"checkIsAddressValid","line":12,"loc":{"start":{"line":12,"column":4},"end":{"line":17,"column":4}}},"2":{"name":"initializer","line":46,"loc":{"start":{"line":40,"column":4},"end":{"line":58,"column":4}}},"3":{"name":"name","line":63,"loc":{"start":{"line":63,"column":4},"end":{"line":65,"column":4}}},"4":{"name":"symbol","line":71,"loc":{"start":{"line":71,"column":4},"end":{"line":73,"column":4}}},"5":{"name":"decimals","line":88,"loc":{"start":{"line":88,"column":4},"end":{"line":90,"column":4}}},"6":{"name":"totalSupply","line":95,"loc":{"start":{"line":95,"column":4},"end":{"line":97,"column":4}}},"7":{"name":"balanceOf","line":102,"loc":{"start":{"line":102,"column":4},"end":{"line":104,"column":4}}},"8":{"name":"transfer","line":114,"loc":{"start":{"line":114,"column":4},"end":{"line":118,"column":4}}},"9":{"name":"allowance","line":123,"loc":{"start":{"line":123,"column":4},"end":{"line":125,"column":4}}},"10":{"name":"approve","line":137,"loc":{"start":{"line":137,"column":4},"end":{"line":141,"column":4}}},"11":{"name":"transferFrom","line":159,"loc":{"start":{"line":159,"column":4},"end":{"line":168,"column":4}}},"12":{"name":"increaseAllowance","line":182,"loc":{"start":{"line":182,"column":4},"end":{"line":186,"column":4}}},"13":{"name":"decreaseAllowance","line":202,"loc":{"start":{"line":202,"column":4},"end":{"line":211,"column":4}}},"14":{"name":"_transfer","line":231,"loc":{"start":{"line":227,"column":4},"end":{"line":247,"column":4}}},"15":{"name":"_mint","line":258,"loc":{"start":{"line":258,"column":4},"end":{"line":268,"column":4}}},"16":{"name":"_burn","line":281,"loc":{"start":{"line":281,"column":4},"end":{"line":296,"column":4}}},"17":{"name":"_approve","line":311,"loc":{"start":{"line":311,"column":4},"end":{"line":321,"column":4}}},"18":{"name":"_spendAllowance","line":331,"loc":{"start":{"line":331,"column":4},"end":{"line":343,"column":4}}},"19":{"name":"_beforeTokenTransfer","line":359,"loc":{"start":{"line":359,"column":4},"end":{"line":363,"column":24}}},"20":{"name":"_afterTokenTransfer","line":379,"loc":{"start":{"line":379,"column":4},"end":{"line":383,"column":24}}},"21":{"name":"mint","line":390,"loc":{"start":{"line":390,"column":4},"end":{"line":392,"column":4}}},"22":{"name":"pause","line":394,"loc":{"start":{"line":394,"column":4},"end":{"line":396,"column":4}}},"23":{"name":"unpause","line":398,"loc":{"start":{"line":398,"column":4},"end":{"line":400,"column":4}}}},"statementMap":{"1":{"start":{"line":14,"column":8},"end":{"line":14,"column":70}},"2":{"start":{"line":15,"column":8},"end":{"line":15,"column":77}},"3":{"start":{"line":47,"column":8},"end":{"line":47,"column":65}},"4":{"start":{"line":54,"column":8},"end":{"line":54,"column":33}},"5":{"start":{"line":57,"column":8},"end":{"line":57,"column":29}},"6":{"start":{"line":64,"column":8},"end":{"line":64,"column":20}},"7":{"start":{"line":72,"column":8},"end":{"line":72,"column":22}},"8":{"start":{"line":89,"column":8},"end":{"line":89,"column":23}},"9":{"start":{"line":96,"column":8},"end":{"line":96,"column":27}},"10":{"start":{"line":103,"column":8},"end":{"line":103,"column":33}},"11":{"start":{"line":115,"column":8},"end":{"line":115,"column":37}},"12":{"start":{"line":116,"column":8},"end":{"line":116,"column":36}},"13":{"start":{"line":117,"column":8},"end":{"line":117,"column":19}},"14":{"start":{"line":124,"column":8},"end":{"line":124,"column":43}},"15":{"start":{"line":138,"column":8},"end":{"line":138,"column":37}},"16":{"start":{"line":139,"column":8},"end":{"line":139,"column":40}},"17":{"start":{"line":140,"column":8},"end":{"line":140,"column":19}},"18":{"start":{"line":164,"column":8},"end":{"line":164,"column":38}},"19":{"start":{"line":165,"column":8},"end":{"line":165,"column":45}},"20":{"start":{"line":166,"column":8},"end":{"line":166,"column":34}},"21":{"start":{"line":167,"column":8},"end":{"line":167,"column":19}},"22":{"start":{"line":183,"column":8},"end":{"line":183,"column":37}},"23":{"start":{"line":184,"column":8},"end":{"line":184,"column":73}},"24":{"start":{"line":185,"column":8},"end":{"line":185,"column":19}},"25":{"start":{"line":203,"column":8},"end":{"line":203,"column":37}},"26":{"start":{"line":204,"column":8},"end":{"line":204,"column":61}},"27":{"start":{"line":205,"column":8},"end":{"line":205,"column":92}},"28":{"start":{"line":210,"column":8},"end":{"line":210,"column":19}},"29":{"start":{"line":232,"column":8},"end":{"line":232,"column":75}},"30":{"start":{"line":233,"column":8},"end":{"line":233,"column":71}},"31":{"start":{"line":235,"column":8},"end":{"line":235,"column":45}},"32":{"start":{"line":237,"column":8},"end":{"line":237,"column":45}},"33":{"start":{"line":238,"column":8},"end":{"line":238,"column":79}},"34":{"start":{"line":244,"column":8},"end":{"line":244,"column":39}},"35":{"start":{"line":246,"column":8},"end":{"line":246,"column":44}},"36":{"start":{"line":259,"column":8},"end":{"line":259,"column":72}},"37":{"start":{"line":261,"column":8},"end":{"line":261,"column":56}},"38":{"start":{"line":265,"column":8},"end":{"line":265,"column":50}},"39":{"start":{"line":267,"column":8},"end":{"line":267,"column":55}},"40":{"start":{"line":282,"column":8},"end":{"line":282,"column":74}},"41":{"start":{"line":284,"column":8},"end":{"line":284,"column":56}},"42":{"start":{"line":286,"column":8},"end":{"line":286,"column":51}},"43":{"start":{"line":287,"column":8},"end":{"line":287,"column":78}},"44":{"start":{"line":293,"column":8},"end":{"line":293,"column":50}},"45":{"start":{"line":295,"column":8},"end":{"line":295,"column":55}},"46":{"start":{"line":316,"column":8},"end":{"line":316,"column":76}},"47":{"start":{"line":317,"column":8},"end":{"line":317,"column":75}},"48":{"start":{"line":320,"column":8},"end":{"line":320,"column":46}},"49":{"start":{"line":336,"column":8},"end":{"line":336,"column":61}},"50":{"start":{"line":337,"column":8},"end":{"line":337,"column":10650}},"51":{"start":{"line":338,"column":12},"end":{"line":338,"column":79}},"52":{"start":{"line":391,"column":8},"end":{"line":391,"column":29}},"53":{"start":{"line":395,"column":8},"end":{"line":395,"column":15}},"54":{"start":{"line":399,"column":8},"end":{"line":399,"column":17}}},"branchMap":{"1":{"line":14,"type":"if","locations":[{"start":{"line":14,"column":8},"end":{"line":14,"column":8}},{"start":{"line":14,"column":8},"end":{"line":14,"column":8}}]},"2":{"line":15,"type":"if","locations":[{"start":{"line":15,"column":8},"end":{"line":15,"column":8}},{"start":{"line":15,"column":8},"end":{"line":15,"column":8}}]},"3":{"line":46,"type":"if","locations":[{"start":{"line":46,"column":6},"end":{"line":46,"column":6}},{"start":{"line":46,"column":6},"end":{"line":46,"column":6}}]},"4":{"line":47,"type":"if","locations":[{"start":{"line":47,"column":8},"end":{"line":47,"column":8}},{"start":{"line":47,"column":8},"end":{"line":47,"column":8}}]},"5":{"line":205,"type":"if","locations":[{"start":{"line":205,"column":8},"end":{"line":205,"column":8}},{"start":{"line":205,"column":8},"end":{"line":205,"column":8}}]},"6":{"line":231,"type":"if","locations":[{"start":{"line":231,"column":23},"end":{"line":231,"column":23}},{"start":{"line":231,"column":23},"end":{"line":231,"column":23}}]},"7":{"line":232,"type":"if","locations":[{"start":{"line":232,"column":8},"end":{"line":232,"column":8}},{"start":{"line":232,"column":8},"end":{"line":232,"column":8}}]},"8":{"line":233,"type":"if","locations":[{"start":{"line":233,"column":8},"end":{"line":233,"column":8}},{"start":{"line":233,"column":8},"end":{"line":233,"column":8}}]},"9":{"line":238,"type":"if","locations":[{"start":{"line":238,"column":8},"end":{"line":238,"column":8}},{"start":{"line":238,"column":8},"end":{"line":238,"column":8}}]},"10":{"line":259,"type":"if","locations":[{"start":{"line":259,"column":8},"end":{"line":259,"column":8}},{"start":{"line":259,"column":8},"end":{"line":259,"column":8}}]},"11":{"line":282,"type":"if","locations":[{"start":{"line":282,"column":8},"end":{"line":282,"column":8}},{"start":{"line":282,"column":8},"end":{"line":282,"column":8}}]},"12":{"line":287,"type":"if","locations":[{"start":{"line":287,"column":8},"end":{"line":287,"column":8}},{"start":{"line":287,"column":8},"end":{"line":287,"column":8}}]},"13":{"line":316,"type":"if","locations":[{"start":{"line":316,"column":8},"end":{"line":316,"column":8}},{"start":{"line":316,"column":8},"end":{"line":316,"column":8}}]},"14":{"line":317,"type":"if","locations":[{"start":{"line":317,"column":8},"end":{"line":317,"column":8}},{"start":{"line":317,"column":8},"end":{"line":317,"column":8}}]},"15":{"line":337,"type":"if","locations":[{"start":{"line":337,"column":8},"end":{"line":337,"column":8}},{"start":{"line":337,"column":8},"end":{"line":337,"column":8}}]},"16":{"line":338,"type":"if","locations":[{"start":{"line":338,"column":12},"end":{"line":338,"column":12}},{"start":{"line":338,"column":12},"end":{"line":338,"column":12}}]},"17":{"line":390,"type":"if","locations":[{"start":{"line":390,"column":60},"end":{"line":390,"column":60}},{"start":{"line":390,"column":60},"end":{"line":390,"column":60}}]},"18":{"line":394,"type":"if","locations":[{"start":{"line":394,"column":30},"end":{"line":394,"column":30}},{"start":{"line":394,"column":30},"end":{"line":394,"column":30}}]},"19":{"line":398,"type":"if","locations":[{"start":{"line":398,"column":32},"end":{"line":398,"column":32}},{"start":{"line":398,"column":32},"end":{"line":398,"column":32}}]}}},"contracts/CapxPausableTokens/CapxMintBurnPauseableToken.sol":{"l":{"13":1,"14":1,"15":1,"46":1,"47":1,"48":1,"49":1,"50":1,"53":1,"56":1,"63":1,"71":1,"88":1,"95":5,"102":5,"114":7,"115":7,"116":1,"123":17,"137":2,"138":2,"139":2,"163":11,"164":11,"165":3,"166":1,"182":1,"183":1,"184":1,"202":1,"203":1,"204":1,"205":1,"209":1,"231":6,"232":6,"234":4,"236":4,"237":4,"238":2,"241":2,"243":2,"245":2,"258":4,"260":2,"262":2,"263":2,"264":2,"266":2,"281":3,"283":3,"285":3,"286":3,"287":1,"290":1,"292":1,"294":1,"315":7,"316":7,"318":7,"319":7,"335":11,"336":11,"337":11,"338":3,"390":3,"399":3,"414":0,"415":0,"419":2,"423":2},"path":"/Users/envy/Code/CapX/Capx-ERC20Token-Minter/contracts/CapxPausableTokens/CapxMintBurnPauseableToken.sol","s":{"1":1,"2":1,"3":1,"4":1,"5":1,"6":1,"7":1,"8":1,"9":5,"10":5,"11":7,"12":7,"13":1,"14":17,"15":2,"16":2,"17":2,"18":11,"19":11,"20":3,"21":1,"22":1,"23":1,"24":1,"25":1,"26":1,"27":1,"28":1,"29":6,"30":6,"31":4,"32":4,"33":4,"34":2,"35":2,"36":4,"37":2,"38":2,"39":2,"40":3,"41":3,"42":3,"43":3,"44":1,"45":1,"46":7,"47":7,"48":7,"49":11,"50":11,"51":11,"52":3,"53":3,"54":0,"55":0,"56":2,"57":2},"b":{"1":[1,0],"2":[1,0],"3":[1,0],"4":[1,0],"5":[1,0],"6":[6,4],"7":[6,0],"8":[4,2],"9":[2,2],"10":[2,2],"11":[3,0],"12":[1,2],"13":[7,0],"14":[7,0],"15":[11,0],"16":[3,8],"17":[3,2],"18":[2,0],"19":[2,0]},"f":{"1":1,"2":1,"3":1,"4":1,"5":1,"6":5,"7":5,"8":7,"9":17,"10":2,"11":11,"12":1,"13":1,"14":6,"15":4,"16":3,"17":7,"18":11,"19":9,"20":5,"21":3,"22":3,"23":0,"24":2,"25":2},"fnMap":{"1":{"name":"checkIsAddressValid","line":11,"loc":{"start":{"line":11,"column":4},"end":{"line":16,"column":4}}},"2":{"name":"initializer","line":45,"loc":{"start":{"line":39,"column":4},"end":{"line":57,"column":4}}},"3":{"name":"name","line":62,"loc":{"start":{"line":62,"column":4},"end":{"line":64,"column":4}}},"4":{"name":"symbol","line":70,"loc":{"start":{"line":70,"column":4},"end":{"line":72,"column":4}}},"5":{"name":"decimals","line":87,"loc":{"start":{"line":87,"column":4},"end":{"line":89,"column":4}}},"6":{"name":"totalSupply","line":94,"loc":{"start":{"line":94,"column":4},"end":{"line":96,"column":4}}},"7":{"name":"balanceOf","line":101,"loc":{"start":{"line":101,"column":4},"end":{"line":103,"column":4}}},"8":{"name":"transfer","line":113,"loc":{"start":{"line":113,"column":4},"end":{"line":117,"column":4}}},"9":{"name":"allowance","line":122,"loc":{"start":{"line":122,"column":4},"end":{"line":124,"column":4}}},"10":{"name":"approve","line":136,"loc":{"start":{"line":136,"column":4},"end":{"line":140,"column":4}}},"11":{"name":"transferFrom","line":158,"loc":{"start":{"line":158,"column":4},"end":{"line":167,"column":4}}},"12":{"name":"increaseAllowance","line":181,"loc":{"start":{"line":181,"column":4},"end":{"line":185,"column":4}}},"13":{"name":"decreaseAllowance","line":201,"loc":{"start":{"line":201,"column":4},"end":{"line":210,"column":4}}},"14":{"name":"_transfer","line":230,"loc":{"start":{"line":226,"column":4},"end":{"line":246,"column":4}}},"15":{"name":"_mint","line":257,"loc":{"start":{"line":257,"column":4},"end":{"line":267,"column":4}}},"16":{"name":"_burn","line":280,"loc":{"start":{"line":280,"column":4},"end":{"line":295,"column":4}}},"17":{"name":"_approve","line":310,"loc":{"start":{"line":310,"column":4},"end":{"line":320,"column":4}}},"18":{"name":"_spendAllowance","line":330,"loc":{"start":{"line":330,"column":4},"end":{"line":342,"column":4}}},"19":{"name":"_beforeTokenTransfer","line":358,"loc":{"start":{"line":358,"column":4},"end":{"line":362,"column":24}}},"20":{"name":"_afterTokenTransfer","line":378,"loc":{"start":{"line":378,"column":4},"end":{"line":382,"column":24}}},"21":{"name":"mint","line":389,"loc":{"start":{"line":389,"column":4},"end":{"line":391,"column":4}}},"22":{"name":"burn","line":398,"loc":{"start":{"line":398,"column":4},"end":{"line":400,"column":4}}},"23":{"name":"burnFrom","line":413,"loc":{"start":{"line":413,"column":4},"end":{"line":416,"column":4}}},"24":{"name":"pause","line":418,"loc":{"start":{"line":418,"column":4},"end":{"line":420,"column":4}}},"25":{"name":"unpause","line":422,"loc":{"start":{"line":422,"column":4},"end":{"line":424,"column":4}}}},"statementMap":{"1":{"start":{"line":13,"column":8},"end":{"line":13,"column":70}},"2":{"start":{"line":14,"column":8},"end":{"line":14,"column":77}},"3":{"start":{"line":46,"column":8},"end":{"line":46,"column":65
[...]
:1,"46":1,"47":1,"48":1,"49":1,"52":1,"55":1,"62":1,"70":1,"87":1,"94":5,"101":5,"113":5,"114":5,"115":1,"122":15,"136":2,"137":2,"138":2,"162":9,"163":9,"164":1,"165":1,"181":1,"182":1,"183":1,"201":1,"202":1,"203":1,"204":1,"208":1,"230":6,"231":6,"233":4,"235":4,"236":4,"237":2,"240":2,"242":2,"244":2,"257":4,"259":2,"261":2,"262":2,"263":2,"265":2,"280":3,"282":3,"284":3,"285":3,"286":1,"289":1,"291":1,"293":1,"314":5,"315":5,"317":5,"318":5,"334":9,"335":9,"336":9,"337":1,"389":3,"398":3,"413":0,"414":0},"path":"/Users/envy/Code/CapX/Capx-ERC20Token-Minter/contracts/CapxTokens/CapxMintBurnToken.sol","s":{"1":1,"2":1,"3":1,"4":1,"5":1,"6":1,"7":1,"8":1,"9":5,"10":5,"11":5,"12":5,"13":1,"14":15,"15":2,"16":2,"17":2,"18":9,"19":9,"20":1,"21":1,"22":1,"23":1,"24":1,"25":1,"26":1,"27":1,"28":1,"29":6,"30":6,"31":4,"32":4,"33":4,"34":2,"35":2,"36":4,"37":2,"38":2,"39":2,"40":3,"41":3,"42":3,"43":3,"44":1,"45":1,"46":5,"47":5,"48":5,"49":9,"50":9,"51":9,"52":3,"53":3,"54":0,"55":0},"b":{"1":[1,0],"2":[1,0],"3":[1,0],"4":[1,0],"5":[1,0],"6":[6,0],"7":[4,2],"8":[2,2],"9":[2,2],"10":[3,0],"11":[1,2],"12":[5,0],"13":[5,0],"14":[9,0],"15":[1,8],"16":[3,2]},"f":{"1":1,"2":1,"3":1,"4":1,"5":1,"6":5,"7":5,"8":5,"9":15,"10":2,"11":9,"12":1,"13":1,"14":6,"15":4,"16":3,"17":5,"18":9,"19":9,"20":5,"21":3,"22":3,"23":0},"fnMap":{"1":{"name":"checkIsAddressValid","line":10,"loc":{"start":{"line":10,"column":4},"end":{"line":15,"column":4}}},"2":{"name":"initializer","line":44,"loc":{"start":{"line":38,"column":4},"end":{"line":56,"column":4}}},"3":{"name":"name","line":61,"loc":{"start":{"line":61,"column":4},"end":{"line":63,"column":4}}},"4":{"name":"symbol","line":69,"loc":{"start":{"line":69,"column":4},"end":{"line":71,"column":4}}},"5":{"name":"decimals","line":86,"loc":{"start":{"line":86,"column":4},"end":{"line":88,"column":4}}},"6":{"name":"totalSupply","line":93,"loc":{"start":{"line":93,"column":4},"end":{"line":95,"column":4}}},"7":{"name":"balanceOf","line":100,"loc":{"start":{"line":100,"column":4},"end":{"line":102,"column":4}}},"8":{"name":"transfer","line":112,"loc":{"start":{"line":112,"column":4},"end":{"line":116,"column":4}}},"9":{"name":"allowance","line":121,"loc":{"start":{"line":121,"column":4},"end":{"line":123,"column":4}}},"10":{"name":"approve","line":135,"loc":{"start":{"line":135,"column":4},"end":{"line":139,"column":4}}},"11":{"name":"transferFrom","line":157,"loc":{"start":{"line":157,"column":4},"end":{"line":166,"column":4}}},"12":{"name":"increaseAllowance","line":180,"loc":{"start":{"line":180,"column":4},"end":{"line":184,"column":4}}},"13":{"name":"decreaseAllowance","line":200,"loc":{"start":{"line":200,"column":4},"end":{"line":209,"column":4}}},"14":{"name":"_transfer","line":225,"loc":{"start":{"line":225,"column":4},"end":{"line":245,"column":4}}},"15":{"name":"_mint","line":256,"loc":{"start":{"line":256,"column":4},"end":{"line":266,"column":4}}},"16":{"name":"_burn","line":279,"loc":{"start":{"line":279,"column":4},"end":{"line":294,"column":4}}},"17":{"name":"_approve","line":309,"loc":{"start":{"line":309,"column":4},"end":{"line":319,"column":4}}},"18":{"name":"_spendAllowance","line":329,"loc":{"start":{"line":329,"column":4},"end":{"line":341,"column":4}}},"19":{"name":"_beforeTokenTransfer","line":357,"loc":{"start":{"line":357,"column":4},"end":{"line":361,"column":24}}},"20":{"name":"_afterTokenTransfer","line":377,"loc":{"start":{"line":377,"column":4},"end":{"line":381,"column":24}}},"21":{"name":"mint","line":388,"loc":{"start":{"line":388,"column":4},"end":{"line":390,"column":4}}},"22":{"name":"burn","line":397,"loc":{"start":{"line":397,"column":4},"end":{"line":399,"column":4}}},"23":{"name":"burnFrom","line":412,"loc":{"start":{"line":412,"column":4},"end":{"line":415,"column":4}}}},"statementMap":{"1":{"start":{"line":12,"column":8},"end":{"line":12,"column":70}},"2":{"start":{"line":13,"column":8},"end":{"line":13,"column":77}},"3":{"start":{"line":45,"column":8},"end":{"line":45,"column":65}},"4":{"start":{"line":52,"column":8},"end":{"line":52,"column":33}},"5":{"start":{"line":55,"column":8},"end":{"line":55,"column":29}},"6":{"start":{"line":62,"column":8},"end":{"line":62,"column":20}},"7":{"start":{"line":70,"column":8},"end":{"line":70,"column":22}},"8":{"start":{"line":87,"column":8},"end":{"line":87,"column":23}},"9":{"start":{"line":94,"column":8},"end":{"line":94,"column":27}},"10":{"start":{"line":101,"column":8},"end":{"line":101,"column":33}},"11":{"start":{"line":113,"column":8},"end":{"line":113,"column":37}},"12":{"start":{"line":114,"column":8},"end":{"line":114,"column":36}},"13":{"start":{"line":115,"column":8},"end":{"line":115,"column":19}},"14":{"start":{"line":122,"column":8},"end":{"line":122,"column":43}},"15":{"start":{"line":136,"column":8},"end":{"line":136,"column":37}},"16":{"start":{"line":137,"column":8},"end":{"line":137,"column":40}},"17":{"start":{"line":138,"column":8},"end":{"line":138,"column":19}},"18":{"start":{"line":162,"column":8},"end":{"line":162,"column":38}},"19":{"start":{"line":163,"column":8},"end":{"line":163,"column":45}},"20":{"start":{"line":164,"column":8},"end":{"line":164,"column":34}},"21":{"start":{"line":165,"column":8},"end":{"line":165,"column":19}},"22":{"start":{"line":181,"column":8},"end":{"line":181,"column":37}},"23":{"start":{"line":182,"column":8},"end":{"line":182,"column":73}},"24":{"start":{"line":183,"column":8},"end":{"line":183,"column":19}},"25":{"start":{"line":201,"column":8},"end":{"line":201,"column":37}},"26":{"start":{"line":202,"column":8},"end":{"line":202,"column":61}},"27":{"start":{"line":203,"column":8},"end":{"line":203,"column":92}},"28":{"start":{"line":208,"column":8},"end":{"line":208,"column":19}},"29":{"start":{"line":230,"column":8},"end":{"line":230,"column":75}},"30":{"start":{"line":231,"column":8},"end":{"line":231,"column":71}},"31":{"start":{"line":233,"column":8},"end":{"line":233,"column":45}},"32":{"start":{"line":235,"column":8},"end":{"line":235,"column":45}},"33":{"start":{"line":236,"column":8},"end":{"line":236,"column":79}},"34":{"start":{"line":242,"column":8},"end":{"line":242,"column":39}},"35":{"start":{"line":244,"column":8},"end":{"line":244,"column":44}},"36":{"start":{"line":257,"column":8},"end":{"line":257,"column":72}},"37":{"start":{"line":259,"column":8},"end":{"line":259,"column":56}},"38":{"start":{"line":263,"column":8},"end":{"line":263,"column":50}},"39":{"start":{"line":265,"column":8},"end":{"line":265,"column":55}},"40":{"start":{"line":280,"column":8},"end":{"line":280,"column":74}},"41":{"start":{"line":282,"column":8},"end":{"line":282,"column":56}},"42":{"start":{"line":284,"column":8},"end":{"line":284,"column":51}},"43":{"start":{"line":285,"column":8},"end":{"line":285,"column":78}},"44":{"start":{"line":291,"column":8},"end":{"line":291,"column":50}},"45":{"start":{"line":293,"column":8},"end":{"line":293,"column":55}},"46":{"start":{"line":314,"column":8},"end":{"line":314,"column":76}},"47":{"start":{"line":315,"column":8},"end":{"line":315,"column":75}},"48":{"start":{"line":318,"column":8},"end":{"line":318,"column":46}},"49":{"start":{"line":334,"column":8},"end":{"line":334,"column":61}},"50":{"start":{"line":335,"column":8},"end":{"line":335,"column":10560}},"51":{"start":{"line":336,"column":12},"end":{"line":336,"column":79}},"52":{"start":{"line":389,"column":8},"end":{"line":389,"column":29}},"53":{"start":{"line":398,"column":8},"end":{"line":398,"column":34}},"54":{"start":{"line":413,"column":8},"end":{"line":413,"column":53}},"55":{"start":{"line":414,"column":8},"end":{"line":414,"column":29}}},"branchMap":{"1":{"line":12,"type":"if","locations":[{"start":{"line":12,"column":8},"end":{"line":12,"column":8}},{"start":{"line":12,"column":8},"end":{"line":12,"column":8}}]},"2":{"line":13,"type":"if","locations":[{"start":{"line":13,"column":8},"end":{"line":13,"column":8}},{"start":{"line":13,"column":8},"end":{"line":13,"column":8}}]},"3":{"line":44,"type":"if","locations":[{"start":{"line":44,"column":6},"end":{"line":44,"column":6}},{"start":{"line":44,"column":6},"end":{"line":44,"column":6}}]},"4":{"line":45,"type":"if","locations":[{"start":{"line":45,"column":8},"end":{"line":45,"column":8}},{"start":{"line":45,"column":8},"end":{"line":45,"column":8}}]},"5":{"line":203,"type":"if","locations":[{"start":{"line":203,"column":8},"end":{"line":203,"column":8}},{"start":{"line":203,"column":8},"end":{"line":203,"column":8}}]},"6":{"line":230,"type":"if","locations":[{"start":{"line":230,"column":8},"end":{"line":230,"column":8}},{"start":{"line":230,"column":8},"end":{"line":230,"column":8}}]},"7":{"line":231,"type":"if","locations":[{"start":{"line":231,"column":8},"end":{"line":231,"column":8}},{"start":{"line":231,"column":8},"end":{"line":231,"column":8}}]},"8":{"line":236,"type":"if","locations":[{"start":{"line":236,"column":8},"end":{"line":236,"column":8}},{"start":{"line":236,"column":8},"end":{"line":236,"column":8}}]},"9":{"line":257,"type":"if","locations":[{"start":{"line":257,"column":8},"end":{"line":257,"column":8}},{"start":{"line":257,"column":8},"end":{"line":257,"column":8}}]},"10":{"line":280,"type":"if","locations":[{"start":{"line":280,"column":8},"end":{"line":280,"column":8}},{"start":{"line":280,"column":8},"end":{"line":280,"column":8}}]},"11":{"line":285,"type":"if","locations":[{"start":{"line":285,"column":8},"end":{"line":285,"column":8}},{"start":{"line":285,"column":8},"end":{"line":285,"column":8}}]},"12":{"line":314,"type":"if","locations":[{"start":{"line":314,"column":8},"end":{"line":314,"column":8}},{"start":{"line":314,"column":8},"end":{"line":314,"column":8}}]},"13":{"line":315,"type":"if","locations":[{"start":{"line":315,"column":8},"end":{"line":315,"column":8}},{"start":{"line":315,"column":8},"end":{"line":315,"column":8}}]},"14":{"line":335,"type":"if","locations":[{"start":{"line":335,"column":8},"end":{"line":335,"column":8}},{"start":{"line":335,"column":8},"end":{"line":335,"column":8}}]},"15":{"line":336,"type":"if","locations":[{"start":{"line":336,"column":12},"end":{"line":336,"column":12}},{"start":{"line":336,"column":12},"end":{"line":336,"column":12}}]},"16":{"line":388,"type":"if","locations":[{"start":{"line":388,"column":60},"end":{"line":388,"column":60}},{"start":{"line":388,"column":60},"end":{"line":388,"column":60}}]}}},"contracts/CapxTokens/CapxStandardToken.sol":{"l":{"13":1,"14":1,"15":1,"46":1,"47":1,"48":1,"49":1,"50":1,"53":1,"56":1,"63":1,"71":1,"88":1,"95":1,"102":1,"114":5,"115":5,"116":1,"123":15,"137":2,"138":2,"139":2,"163":9,"164":9,"165":1,"166":1,"182":1,"183":1,"184":1,"202":1,"203":1,"204":1,"205":1,"209":1,"231":6,"232":6,"234":4,"236":4,"237":4,"238":2,"241":2,"243":2,"245":2,"258":1,"260":1,"262":1,"263":1,"264":1,"266":1,"281":0,"283":0,"285":0,"286":0,"287":0,"290":0,"292":0,"294":0,"315":5,"316":5,"318":5,"319":5,"335":9,"336":9,"337":9,"338":1},"path":"/Users/envy/Code/CapX/Capx-ERC20Token-Minter/contracts/CapxTokens/CapxStandardToken.sol","s":{"1":1,"2":1,"3":1,"4":1,"5":1,"6":1,"7":1,"8":1,"9":1,"10":1,"11":5,"12":5,"13":1,"14":15,"15":2,"16":2,"17":2,"18":9,"19":9,"20":1,"21":1,"22":1,"23":1,"24":1,"25":1,"26":1,"27":1,"28":1,"29":6,"30":6,"31":4,"32":4,"33":4,"34":2,"35":2,"36":1,"37":1,"38":1,"39":1,"40":0,"41":0,"42":0,"43":0,"44":0,"45":0,"46":5,"47":5,"48":5,"49":9,"50":9,"51":9},"b":{"1":[1,0],"2":[1,0],"3":[1,0],"4":[1,0],"5":[1,0],"6":[6,0],"7":[4,2],"8":[2,2],"9":[1,0],"10":[0,0],"11":[0,0],"12":[5,0],"13":[5,0],"14":[9,0],"15":[1,8]},"f":{"1":1,"2":1,"3":1,"4":1,"5":1,"6":1,"7":1,"8":5,"9":15,"10":2,"11":9,"12":1,"13":1,"14":6,"15":1,"16":0,"17":5,"18":9,"19":5,"20":3},"fnMap":{"1":{"name":"checkIsAddressValid","line":11,"loc":{"start":{"line":11,"column":4},"end":{"line":16,"column":4}}},"2":{"name":"initializer","line":45,"loc":{"start":{"line":39,"column":4},"end":{"line":57,"column":4}}},"3":{"name":"name","line":62,"loc":{"start":{"line":62,"column":4},"end":{"line":64,"column":4}}},"4":{"name":"symbol","line":70,"loc":{"start":{"line":70,"column":4},"end":{"line":72,"column":4}}},"5":{"name":"decimals","line":87,"loc":{"start":{"line":87,"column":4},"end":{"line":89,"column":4}}},"6":{"name":"totalSupply","line":94,"loc":{"start":{"line":94,"column":4},"end":{"line":96,"column":4}}},"7":{"name":"balanceOf","line":101,"loc":{"start":{"line":101,"column":4},"end":{"line":103,"column":4}}},"8":{"name":"transfer","line":113,"loc":{"start":{"line":113,"column":4},"end":{"line":117,"column":4}}},"9":{"name":"allowance","line":122,"loc":{"start":{"line":122,"column":4},"end":{"line":124,"column":4}}},"10":{"name":"approve","line":136,"loc":{"start":{"line":136,"column":4},"end":{"line":140,"column":4}}},"11":{"name":"transferFrom","line":158,"loc":{"start":{"line":158,"column":4},"end":{"line":167,"column":4}}},"12":{"name":"increaseAllowance","line":181,"loc":{"start":{"line":181,"column":4},"end":{"line":185,"column":4}}},"13":{"name":"decreaseAllowance","line":201,"loc":{"start":{"line":201,"column":4},"end":{"line":210,"column":4}}},"14":{"name":"_transfer","line":226,"loc":{"start":{"line":226,"column":4},"end":{"line":246,"column":4}}},"15":{"name":"_mint","line":257,"loc":{"start":{"line":257,"column":4},"end":{"line":267,"column":4}}},"16":{"name":"_burn","line":280,"loc":{"start":{"line":280,"column":4},"end":{"line":295,"column":4}}},"17":{"name":"_approve","line":310,"loc":{"start":{"line":310,"column":4},"end":{"line":320,"column":4}}},"18":{"name":"_spendAllowance","line":330,"loc":{"start":{"line":330,"column":4},"end":{"line":342,"column":4}}},"19":{"name":"_beforeTokenTransfer","line":358,"loc":{"start":{"line":358,"column":4},"end":{"line":362,"column":24}}},"20":{"name":"_afterTokenTransfer","line":378,"loc":{"start":{"line":378,"column":4},"end":{"line":382,"column":24}}}},"statementMap":{"1":{"start":{"line":13,"column":8},"end":{"line":13,"column":70}},"2":{"start":{"line":14,"column":8},"end":{"line":14,"column":77}},"3":{"start":{"line":46,"column":8},"end":{"line":46,"column":65}},"4":{"start":{"line":53,"column":8},"end":{"line":53,"column":33}},"5":{"start":{"line":56,"column":8},"end":{"line":56,"column":29}},"6":{"start":{"line":63,"column":8},"end":{"line":63,"column":20}},"7":{"start":{"line":71,"column":8},"end":{"line":71,"column":22}},"8":{"start":{"line":88,"column":8},"end":{"line":88,"column":23}},"9":{"start":{"line":95,"column":8},"end":{"line":95,"column":27}},"10":{"start":{"line":102,"column":8},"end":{"line":102,"column":33}},"11":{"start":{"line":114,"column":8},"end":{"line":114,"column":37}},"12":{"start":{"line":115,"column":8},"end":{"line":115,"column":36}},"13":{"start":{"line":116,"column":8},"end":{"line":116,"column":19}},"14":{"start":{"line":123,"column":8},"end":{"line":123,"column":43}},"15":{"start":{"line":137,"column":8},"end":{"line":137,"column":37}},"16":{"start":{"line":138,"column":8},"end":{"line":138,"column":40}},"17":{"start":{"line":139,"column":8},"end":{"line":139,"column":19}},"18":{"start":{"line":163,"column":8},"end":{"line":163,"column":38}},"19":{"start":{"line":164,"column":8},"end":{"line":164,"column":45}},"20":{"start":{"line":165,"column":8},"end":{"line":165,"column":34}},"21":{"start":{"line":166,"column":8},"end":{"line":166,"column":19}},"22":{"start":{"line":182,"column":8},"end":{"line":182,"column":37}},"23":{"start":{"line":183,"column":8},"end":{"line":183,"column":73}},"24":{"start":{"line":184,"column":8},"end":{"line":184,"column":19}},"25":{"start":{"line":202,"column":8},"end":{"line":202,"column":37}},"26":{"start":{"line":203,"column":8},"end":{"line":203,"column":61}},"27":{"start":{"line":204,"column":8},"end":{"line":204,"column":92}},"28":{"start":{"line":209,"column":8},"end":{"line":209,"column":19}},"29":{"start":{"line":231,"column":8},"end":{"line":231,"column":75}},"30":{"start":{"line":232,"column":8},"end":{"line":232,"column":71}},"31":{"start":{"line":234,"column":8},"end":{"line":234,"column":45}},"32":{"start":{"line":236,"column":8},"end":{"line":236,"column":45}},"33":{"start":{"line":237,"column":8},"end":{"line":237,"column":79}},"34":{"start":{"line":243,"column":8},"end":{"line":243,"column":39}},"35":{"start":{"line":245,"column":8},"end":{"line":245,"column":44}},"36":{"start":{"line":258,"column":8},"end":{"line":258,"column":72}},"37":{"start":{"line":260,"column":8},"end":{"line":260,"column":56}},"38":{"start":{"line":264,"column":8},"end":{"line":264,"column":50}},"39":{"start":{"line":266,"column":8},"end":{"line":266,"column":55}},"40":{"start":{"line":281,"column":8},"end":{"line":281,"column":74}},"41":{"start":{"line":283,"column":8},"end":{"line":283,"column":56}},"42":{"start":{"line":285,"column":8},"end":{"line":285,"column":51}},"43":{"start":{"line":286,"column":8},"end":{"line":286,"column":78}},"44":{"start":{"line":292,"column":8},"end":{"line":292,"column":50}},"45":{"start":{"line":294,"column":8},"end":{"line":294,"column":55}},"46":{"start":{"line":315,"column":8},"end":{"line":315,"column":76}},"47":{"start":{"line":316,"column":8},"end":{"line":316,"column":75}},"48":{"start":{"line":319,"column":8},"end":{"line":319,"column":46}},"49":{"start":{"line":335,"column":8},"end":{"line":335,"column":61}},"50":{"start":{"line":336,"column":8},"end":{"line":336,"column":10564}},"51":{"start":{"line":337,"column":12},"end":{"line":337,"column":79}}},"branchMap":{"1":{"line":13,"type":"if","locations":[{"start":{"line":13,"column":8},"end":{"line":13,"column":8}},{"start":{"line":13,"column":8},"end":{"line":13,"column":8}}]},"2":{"line":14,"type":"if","locations":[{"start":{"line":14,"column":8},"end":{"line":14,"column":8}},{"start":{"line":14,"column":8},"end":{"line":14,"column":8}}]},"3":{"line":45,"type":"if","locations":[{"start":{"line":45,"column":6},"end":{"line":45,"column":6}},{"start":{"line":45,"column":6},"end":{"line":45,"column":6}}]},"4":{"line":46,"type":"if","locations":[{"start":{"line":46,"column":8},"end":{"line":46,"column":8}},{"start":{"line":46,"column":8},"end":{"line":46,"column":8}}]},"5":{"line":204,"type":"if","locations":[{"start":{"line":204,"column":8},"end":{"line":204,"column":8}},{"start":{"line":204,"column":8},"end":{"line":204,"column":8}}]},"6":{"line":231,"type":"if","locations":[{"start":{"line":231,"column":8},"end":{"line":231,"column":8}},{"start":{"line":231,"column":8},"end":{"line":231,"column":8}}]},"7":{"line":232,"type":"if","locations":[{"start":{"line":232,"column":8},"end":{"line":232,"column":8}},{"start":{"line":232,"column":8},"end":{"line":232,"column":8}}]},"8":{"line":237,"type":"if","locations":[{"start":{"line":237,"column":8},"end":{"line":237,"column":8}},{"start":{"line":237,"column":8},"end":{"line":237,"column":8}}]},"9":{"line":258,"type":"if","locations":[{"start":{"line":258,"column":8},"end":{"line":258,"column":8}},{"start":{"line":258,"column":8},"end":{"line":258,"column":8}}]},"10":{"line":281,"type":"if","locations":[{"start":{"line":281,"column":8},"end":{"line":281,"column":8}},{"start":{"line":281,"column":8},"end":{"line":281,"column":8}}]},"11":{"line":286,"type":"if","locations":[{"start":{"line":286,"column":8},"end":{"line":286,"column":8}},{"start":{"line":286,"column":8},"end":{"line":286,"column":8}}]},"12":{"line":315,"type":"if","locations":[{"start":{"line":315,"column":8},"end":{"line":315,"column":8}},{"start":{"line":315,"column":8},"end":{"line":315,"column":8}}]},"13":{"line":316,"type":"if","locations":[{"start":{"line":316,"column":8},"end":{"line":316,"column":8}},{"start":{"line":316,"column":8},"end":{"line":316,"column":8}}]},"14":{"line":336,"type":"if","locations":[{"start":{"line":336,"column":8},"end":{"line":336,"column":8}},{"start":{"line":336,"column":8},"end":{"line":336,"column":8}}]},"15":{"line":337,"type":"if","locations":[{"start":{"line":337,"column":12},"end":{"line":337,"column":12}},{"start":{"line":337,"column":12},"end":{"line":337,"column":12}}]}}}}